#
# A fatal error has been detected by the Java Runtime Environment:
#
#  EXCEPTION_ACCESS_VIOLATION (0xc0000005) at pc=0x000007fecd2fc213, pid=9824, tid=5680
#
# JRE version: OpenJDK Runtime Environment (16.0.1+9) (build 16.0.1+9-24)
# Java VM: OpenJDK 64-Bit Server VM (16.0.1+9-24, mixed mode, tiered, compressed oops, compressed class ptrs, g1 gc, windows-amd64)
# Problematic frame:
# V  [jvm.dll+0x32c213]
#
# No core dump will be written. Minidumps are not enabled by default on client versions of Windows
#
# If you would like to submit a bug report, please visit:
#   https://bugreport.java.com/bugreport/crash.jsp
#

---------------  S U M M A R Y ------------

Command Line: -XX:+ShowCodeDetailsInExceptionMessages -agentlib:jdwp=transport=dt_socket,suspend=y,address=localhost:50291 -javaagent:C:\Users\Next\eclipse\jee-2021-06\eclipse\configuration\org.eclipse.osgi\415\0\.cp\lib\javaagent-shaded.jar -Dfile.encoding=UTF-8 com.bridgelabz.addressbookdb.AddressBookMainClass

Host: Intel(R) Core(TM) i3-5005U CPU @ 2.00GHz, 4 cores, 7G,  Windows 7 , 64 bit Build 7601 (6.1.7601.17617)
Time: Tue Oct  5 01:32:13 2021 India Standard Time elapsed time: 4318.898916 seconds (0d 1h 11m 58s)

---------------  T H R E A D  ---------------

Current thread (0x000000001cac1a10):  VMThread "VM Thread" [stack: 0x000000005d450000,0x000000005d550000] [id=5680]

Stack: [0x000000005d450000,0x000000005d550000],  sp=0x000000005d54ee50,  free space=1019k
Native frames: (J=compiled Java code, j=interpreted, Vv=VM code, C=native code)
V  [jvm.dll+0x32c213]
V  [jvm.dll+0x330097]
V  [jvm.dll+0x33048f]
V  [jvm.dll+0x32c613]
V  [jvm.dll+0x6572ce]
V  [jvm.dll+0x656fd3]
V  [jvm.dll+0x61c848]
V  [jvm.dll+0x7c1e55]
V  [jvm.dll+0x520b76]
V  [jvm.dll+0x7d05eb]
V  [jvm.dll+0x7d12e4]
V  [jvm.dll+0x7d17e9]
V  [jvm.dll+0x7d1aa4]
V  [jvm.dll+0x7d1b70]
V  [jvm.dll+0x779b4a]
V  [jvm.dll+0x667666]
C  [ucrtbase.DLL+0x1d912]
C  [kernel32.dll+0x1652d]
C  [ntdll.dll+0x2c521]


siginfo: EXCEPTION_ACCESS_VIOLATION (0xc0000005), reading address 0xffffffffffffffff


Register to memory mapping:

RIP=0x000007fecd2fc213 jvm.dll
RAX=0x000000005fba4150 points into unknown readable memory: 0x0000000000000001 | 01 00 00 00 00 00 00 00
RBX=0x000000005d54f020 points into unknown readable memory: 0x000007fecd9021f8 | f8 21 90 cd fe 07 00 00
RCX=0x000000005d54f090 points into unknown readable memory: 0x000000005fba4150 | 50 41 ba 5f 00 00 00 00
RDX=0xffffffffffffcd4c is an unknown value
RSP=0x000000005d54ee50 points into unknown readable memory: 0x000000005fca4980 | 80 49 ca 5f 00 00 00 00
RBP=0x000007fecd2fc1f0 jvm.dll
RSI=0x0 is NULL
RDI=0x000000005d54f020 points into unknown readable memory: 0x000007fecd9021f8 | f8 21 90 cd fe 07 00 00
R8 =0x03ffffffffffff35 is an unknown value
R9 =0x000000000000000c is an unknown value
R10=0x000007feccfd0000 jvm.dll
R11=0x0 is NULL
R12=0x00000000000083b0 is an unknown value
R13=0x0000000000000001 is an unknown value
R14=0x000000000000032c is an unknown value
R15=0x00000000608386dc is pointing into metadata


Registers:
RAX=0x000000005fba4150, RBX=0x000000005d54f020, RCX=0x000000005d54f090, RDX=0xffffffffffffcd4c
RSP=0x000000005d54ee50, RBP=0x000007fecd2fc1f0, RSI=0x0000000000000000, RDI=0x000000005d54f020
R8 =0x03ffffffffffff35, R9 =0x000000000000000c, R10=0x000007feccfd0000, R11=0x0000000000000000
R12=0x00000000000083b0, R13=0x0000000000000001, R14=0x000000000000032c, R15=0x00000000608386dc
RIP=0x000007fecd2fc213, EFLAGS=0x0000000000010a06

Top of Stack: (sp=0x000000005d54ee50)
0x000000005d54ee50:   000000005fca4980 000007fecdbde70c
0x000000005d54ee60:   0000000060838912 000007fecd312284
0x000000005d54ee70:   000000005d54eef0 000007fecd300097
0x000000005d54ee80:   000000005d54eef0 000000001cac1a10
0x000000005d54ee90:   000000005d54eef0 000007fecd0f52ae
0x000000005d54eea0:   00000000608383c8 00000000000000aa
0x000000005d54eeb0:   00000000608386dc 00000000000000a7
0x000000005d54eec0:   00000000000000a7 000007fecd30048f
0x000000005d54eed0:   000000005d54f020 000000005d54ef20
0x000000005d54eee0:   000000000000032c 000000005d54ef20
0x000000005d54eef0:   0000000060838910 000000001cac1a10
0x000000005d54ef00:   0000032f0000032c 000000a700000345
0x000000005d54ef10:   0000034500000000 ffffffff000000a7
0x000000005d54ef20:   0000000000000000 000007fecdae0980
0x000000005d54ef30:   00000000000083b0 000000005fba4100
0x000000005d54ef40:   000000001cac1a10 000007fecd2fc613 

Instructions: (pc=0x000007fecd2fc213)
0x000007fecd2fc113:   4c 63 fa 48 8b f1 48 85 db 74 13 66 90 39 3b 0f
0x000007fecd2fc123:   84 a6 00 00 00 48 8b 5b 10 48 85 db 75 ef 33 d2
0x000007fecd2fc133:   8d 4a 18 e8 35 31 39 00 48 8b d8 48 85 c0 0f 84
0x000007fecd2fc143:   82 00 00 00 33 d2 4c 89 74 24 50 4c 8b 36 89 38
0x000007fecd2fc153:   8d 4a 18 e8 15 31 39 00 48 8b f8 48 85 c0 74 55
0x000007fecd2fc163:   48 89 6c 24 48 ba 08 00 00 00 8b 2d d5 5d 74 00
0x000007fecd2fc173:   8b cd e8 b6 5a 01 00 c7 07 00 00 00 00 89 6f 04
0x000007fecd2fc183:   48 89 47 08 85 ed 7e 11 44 8b c5 33 d2 49 c1 e0
0x000007fecd2fc193:   03 48 8b c8 e8 56 96 4f 00 48 8b 6c 24 48 48 c7
0x000007fecd2fc1a3:   47 10 00 00 00 00 4c 89 73 10 4c 8b 74 24 50 48
0x000007fecd2fc1b3:   89 7b 08 eb 13 33 ff 4c 89 73 10 4c 8b 74 24 50
0x000007fecd2fc1c3:   48 89 7b 08 eb 02 33 db 48 89 1e 48 8b 4b 08 48
0x000007fecd2fc1d3:   8d 54 24 40 4c 89 7c 24 40 e8 1f e5 cd ff 48 8b
0x000007fecd2fc1e3:   5c 24 58 48 83 c4 20 41 5f 5f 5e c3 cc 40 53 48
0x000007fecd2fc1f3:   83 ec 20 48 63 d2 48 8b d9 0f b6 c2 48 83 c1 70
0x000007fecd2fc203:   24 3f 4c 8b c2 44 0f b6 c8 49 c1 e8 06 48 8b 01
0x000007fecd2fc213:   4e 8b 04 c0 4d 0f a3 c8 72 0b 41 b0 01 e8 bb e3
0x000007fecd2fc223:   de ff ff 43 6c 48 83 c4 20 5b c3 cc cc 8b c2 4c
0x000007fecd2fc233:   8b d1 41 33 c0 a9 00 00 00 f0 0f 84 ca 00 00 00
0x000007fecd2fc243:   44 8b ca 8b c2 41 c1 e9 1d b9 72 00 00 00 41 80
0x000007fecd2fc253:   e1 01 c1 e8 1e 44 8d 59 ae a8 01 74 1a 45 84 c9
0x000007fecd2fc263:   75 0d c1 ea 1c f6 c2 01 75 05 44 8b c9 eb 35 41
0x000007fecd2fc273:   b9 23 00 00 00 eb 2d 45 84 c9 74 08 41 b9 76 00
0x000007fecd2fc283:   00 00 eb 20 8b c2 c1 e8 1c a8 01 74 08 41 b9 70
0x000007fecd2fc293:   00 00 00 eb 0f c1 ea 1f 41 b9 40 00 00 00 84 d2
0x000007fecd2fc2a3:   45 0f 45 cb 41 8b d0 41 8b c0 c1 ea 1d 80 e2 01
0x000007fecd2fc2b3:   c1 e8 1e a8 01 74 15 84 d2 75 0a 41 c1 e8 1c 41
0x000007fecd2fc2c3:   f6 c0 01 74 33 b9 23 00 00 00 eb 2c 84 d2 74 07
0x000007fecd2fc2d3:   b9 76 00 00 00 eb 21 41 8b c0 c1 e8 1c a8 01 74
0x000007fecd2fc2e3:   07 b9 70 00 00 00 eb 10 41 c1 e8 1f b9 40 00 00
0x000007fecd2fc2f3:   00 45 84 c0 41 0f 45 cb 44 8b c1 48 8d 15 a3 12
0x000007fecd2fc303:   5c 00 49 8b ca e9 d3 56 00 00 c3 cc cc 40 53 48 


Stack slot to memory mapping:
stack at sp + 0 slots: 0x000000005fca4980 points into unknown readable memory: 0x0000000060838910 | 10 89 83 60 00 00 00 00
stack at sp + 1 slots: 0x000007fecdbde70c ucrtbase.DLL
stack at sp + 2 slots: 0x0000000060838912 is pointing into metadata
stack at sp + 3 slots: 0x000007fecd312284 jvm.dll
stack at sp + 4 slots: 0x000000005d54eef0 points into unknown readable memory: 0x0000000060838910 | 10 89 83 60 00 00 00 00
stack at sp + 5 slots: 0x000007fecd300097 jvm.dll
stack at sp + 6 slots: 0x000000005d54eef0 points into unknown readable memory: 0x0000000060838910 | 10 89 83 60 00 00 00 00
stack at sp + 7 slots: 0x000000001cac1a10 points into unknown readable memory: 0x000007fecd93f638 | 38 f6 93 cd fe 07 00 00

VM_Operation (0x000000005eb7f7d0): get/set locals, mode: safepoint, requested by thread 0x000000005e284690


---------------  P R O C E S S  ---------------

Threads class SMR info:
_java_thread_list=0x000000005fb55c50, length=16, elements={
0x0000000000415ad0, 0x000000001cae4c00, 0x000000001cac5ee0, 0x000000001cae6a20,
0x000000001cb08180, 0x000000001cb08a90, 0x000000001cb093a0, 0x000000001cb0afa0,
0x000000001cb1c950, 0x000000001cb37600, 0x000000005e0c0250, 0x000000005e284690,
0x000000005e26fee0, 0x000000005e272a10, 0x000000005e468b10, 0x000000005e3c2cf0
}

Java Threads: ( => current thread )
  0x0000000000415ad0 JavaThread "main" [_thread_blocked, id=8544, stack(0x00000000021e0000,0x00000000022e0000)]
  0x000000001cae4c00 JavaThread "Reference Handler" daemon [_thread_blocked, id=3156, stack(0x000000001c780000,0x000000001c880000)]
  0x000000001cac5ee0 JavaThread "Finalizer" daemon [_thread_blocked, id=8564, stack(0x000000005d610000,0x000000005d710000)]
  0x000000001cae6a20 JavaThread "Signal Dispatcher" daemon [_thread_blocked, id=5400, stack(0x000000005d760000,0x000000005d860000)]
  0x000000001cb08180 JavaThread "Attach Listener" daemon [_thread_blocked, id=8792, stack(0x000000005d9b0000,0x000000005dab0000)]
  0x000000001cb08a90 JavaThread "Service Thread" daemon [_thread_blocked, id=9052, stack(0x000000005d880000,0x000000005d980000)]
  0x000000001cb093a0 JavaThread "Monitor Deflation Thread" daemon [_thread_blocked, id=8348, stack(0x000000005dc50000,0x000000005dd50000)]
  0x000000001cb0afa0 JavaThread "C2 CompilerThread0" daemon [_thread_blocked, id=6260, stack(0x000000005dd80000,0x000000005de80000)]
  0x000000001cb1c950 JavaThread "C1 CompilerThread0" daemon [_thread_blocked, id=6344, stack(0x000000005de80000,0x000000005df80000)]
  0x000000001cb37600 JavaThread "Sweeper thread" daemon [_thread_blocked, id=9760, stack(0x000000005dfa0000,0x000000005e0a0000)]
  0x000000005e0c0250 JavaThread "Common-Cleaner" daemon [_thread_blocked, id=8040, stack(0x000000005e590000,0x000000005e690000)]
  0x000000005e284690 JavaThread "JDWP Transport Listener: dt_socket" daemon [_thread_blocked, id=9944, stack(0x000000005ea80000,0x000000005eb80000)]
  0x000000005e26fee0 JavaThread "JDWP Event Helper Thread" daemon [_thread_blocked, id=2148, stack(0x000000005e6d0000,0x000000005e7d0000)]
  0x000000005e272a10 JavaThread "JDWP Command Reader" daemon [_thread_in_native, id=4448, stack(0x000000005ec90000,0x000000005ed90000)]
  0x000000005e468b10 JavaThread "Notification Thread" daemon [_thread_blocked, id=5952, stack(0x000000005ede0000,0x000000005eee0000)]
  0x000000005e3c2cf0 JavaThread "Abandoned connection cleanup thread" daemon [_thread_blocked, id=7176, stack(0x00000000602a0000,0x00000000603a0000)]

Other Threads:
=>0x000000001cac1a10 VMThread "VM Thread" [stack: 0x000000005d450000,0x000000005d550000] [id=5680]
  0x000000005e40e7d0 WatcherThread [stack: 0x0000000060100000,0x0000000060200000] [id=1740]
  0x000000000045d5e0 GCTaskThread "GC Thread#0" [stack: 0x0000000019d00000,0x0000000019e00000] [id=10004]
  0x000000005e22f9c0 GCTaskThread "GC Thread#1" [stack: 0x000000005eef0000,0x000000005eff0000] [id=5496]
  0x000000005e167c60 GCTaskThread "GC Thread#2" [stack: 0x0000000060560000,0x0000000060660000] [id=9144]
  0x000000005f817850 GCTaskThread "GC Thread#3" [stack: 0x0000000060680000,0x0000000060780000] [id=2180]
  0x000000000046f770 ConcurrentGCThread "G1 Main Marker" [stack: 0x0000000019e60000,0x0000000019f60000] [id=7656]
  0x0000000000470170 ConcurrentGCThread "G1 Conc#0" [stack: 0x0000000019f80000,0x000000001a080000] [id=9604]
  0x000000001c501480 ConcurrentGCThread "G1 Refine#0" [stack: 0x000000001c680000,0x000000001c780000] [id=5924]
  0x000000001c503d10 ConcurrentGCThread "G1 Service" [stack: 0x000000001c8d0000,0x000000001c9d0000] [id=8628]

Threads with active compile tasks:

VM state: at safepoint (normal execution)

VM Mutex/Monitor currently owned by a thread:  ([mutex/lock_event])
[0x00000000004117e0] Threads_lock - owner thread: 0x000000001cac1a10

Heap address: 0x0000000081400000, size: 2028 MB, Compressed Oops mode: 32-bit

CDS disabled.
Compressed class space mapped at: 0x000000001cc00000-0x000000005cc00000, reserved size: 1073741824
Narrow klass base: 0x0000000000000000, Narrow klass shift: 0, Narrow klass range: 0x5cc00000

GC Precious Log:
 CPUs: 4 total, 4 available
 Memory: 8111M
 Large Page Support: Disabled
 NUMA Support: Disabled
 Compressed Oops: Enabled (32-bit)
 Heap Region Size: 1M
 Heap Min Capacity: 8M
 Heap Initial Capacity: 128M
 Heap Max Capacity: 2028M
 Pre-touch: Disabled
 Parallel Workers: 4
 Concurrent Workers: 1
 Concurrent Refinement Workers: 4
 Periodic GC: Disabled

Heap:
 garbage-first heap   total 131072K, used 25307K [0x0000000081400000, 0x0000000100000000)
  region size 1024K, 24 young (24576K), 3 survivors (3072K)
 Metaspace       used 18752K, committed 18944K, reserved 1073152K
  class space    used 1792K, committed 1920K, reserved 1048576K

Heap Regions: E=young(eden), S=young(survivor), O=old, HS=humongous(starts), HC=humongous(continues), CS=collection set, F=free, OA=open archive, CA=closed archive, TAMS=top-at-mark-start (previous, next)
|   0|0x0000000081400000, 0x0000000081500000, 0x0000000081500000|100%| O|  |TAMS 0x0000000081400000, 0x0000000081400000| Untracked 
|   1|0x0000000081500000, 0x0000000081600000, 0x0000000081600000|100%| O|  |TAMS 0x0000000081500000, 0x0000000081500000| Untracked 
|   2|0x0000000081600000, 0x0000000081650c00, 0x0000000081700000| 31%| O|  |TAMS 0x0000000081600000, 0x0000000081600000| Untracked 
|   3|0x0000000081700000, 0x0000000081700000, 0x0000000081800000|  0%| F|  |TAMS 0x0000000081700000, 0x0000000081700000| Untracked 
|   4|0x0000000081800000, 0x0000000081800000, 0x0000000081900000|  0%| F|  |TAMS 0x0000000081800000, 0x0000000081800000| Untracked 
|   5|0x0000000081900000, 0x0000000081900000, 0x0000000081a00000|  0%| F|  |TAMS 0x0000000081900000, 0x0000000081900000| Untracked 
|   6|0x0000000081a00000, 0x0000000081a00000, 0x0000000081b00000|  0%| F|  |TAMS 0x0000000081a00000, 0x0000000081a00000| Untracked 
|   7|0x0000000081b00000, 0x0000000081b00000, 0x0000000081c00000|  0%| F|  |TAMS 0x0000000081b00000, 0x0000000081b00000| Untracked 
|   8|0x0000000081c00000, 0x0000000081c00000, 0x0000000081d00000|  0%| F|  |TAMS 0x0000000081c00000, 0x0000000081c00000| Untracked 
|   9|0x0000000081d00000, 0x0000000081d00000, 0x0000000081e00000|  0%| F|  |TAMS 0x0000000081d00000, 0x0000000081d00000| Untracked 
|  10|0x0000000081e00000, 0x0000000081e00000, 0x0000000081f00000|  0%| F|  |TAMS 0x0000000081e00000, 0x0000000081e00000| Untracked 
|  11|0x0000000081f00000, 0x0000000081f00000, 0x0000000082000000|  0%| F|  |TAMS 0x0000000081f00000, 0x0000000081f00000| Untracked 
|  12|0x0000000082000000, 0x0000000082000000, 0x0000000082100000|  0%| F|  |TAMS 0x0000000082000000, 0x0000000082000000| Untracked 
|  13|0x0000000082100000, 0x0000000082100000, 0x0000000082200000|  0%| F|  |TAMS 0x0000000082100000, 0x0000000082100000| Untracked 
|  14|0x0000000082200000, 0x0000000082200000, 0x0000000082300000|  0%| F|  |TAMS 0x0000000082200000, 0x0000000082200000| Untracked 
|  15|0x0000000082300000, 0x0000000082300000, 0x0000000082400000|  0%| F|  |TAMS 0x0000000082300000, 0x0000000082300000| Untracked 
|  16|0x0000000082400000, 0x0000000082400000, 0x0000000082500000|  0%| F|  |TAMS 0x0000000082400000, 0x0000000082400000| Untracked 
|  17|0x0000000082500000, 0x0000000082500000, 0x0000000082600000|  0%| F|  |TAMS 0x0000000082500000, 0x0000000082500000| Untracked 
|  18|0x0000000082600000, 0x0000000082600000, 0x0000000082700000|  0%| F|  |TAMS 0x0000000082600000, 0x0000000082600000| Untracked 
|  19|0x0000000082700000, 0x0000000082700000, 0x0000000082800000|  0%| F|  |TAMS 0x0000000082700000, 0x0000000082700000| Untracked 
|  20|0x0000000082800000, 0x0000000082800000, 0x0000000082900000|  0%| F|  |TAMS 0x0000000082800000, 0x0000000082800000| Untracked 
|  21|0x0000000082900000, 0x0000000082900000, 0x0000000082a00000|  0%| F|  |TAMS 0x0000000082900000, 0x0000000082900000| Untracked 
|  22|0x0000000082a00000, 0x0000000082a00000, 0x0000000082b00000|  0%| F|  |TAMS 0x0000000082a00000, 0x0000000082a00000| Untracked 
|  23|0x0000000082b00000, 0x0000000082b00000, 0x0000000082c00000|  0%| F|  |TAMS 0x0000000082b00000, 0x0000000082b00000| Untracked 
|  24|0x0000000082c00000, 0x0000000082c00000, 0x0000000082d00000|  0%| F|  |TAMS 0x0000000082c00000, 0x0000000082c00000| Untracked 
|  25|0x0000000082d00000, 0x0000000082d00000, 0x0000000082e00000|  0%| F|  |TAMS 0x0000000082d00000, 0x0000000082d00000| Untracked 
|  26|0x0000000082e00000, 0x0000000082e00000, 0x0000000082f00000|  0%| F|  |TAMS 0x0000000082e00000, 0x0000000082e00000| Untracked 
|  27|0x0000000082f00000, 0x0000000082f00000, 0x0000000083000000|  0%| F|  |TAMS 0x0000000082f00000, 0x0000000082f00000| Untracked 
|  28|0x0000000083000000, 0x0000000083000000, 0x0000000083100000|  0%| F|  |TAMS 0x0000000083000000, 0x0000000083000000| Untracked 
|  29|0x0000000083100000, 0x0000000083100000, 0x0000000083200000|  0%| F|  |TAMS 0x0000000083100000, 0x0000000083100000| Untracked 
|  30|0x0000000083200000, 0x0000000083200000, 0x0000000083300000|  0%| F|  |TAMS 0x0000000083200000, 0x0000000083200000| Untracked 
|  31|0x0000000083300000, 0x0000000083300000, 0x0000000083400000|  0%| F|  |TAMS 0x0000000083300000, 0x0000000083300000| Untracked 
|  32|0x0000000083400000, 0x0000000083400000, 0x0000000083500000|  0%| F|  |TAMS 0x0000000083400000, 0x0000000083400000| Untracked 
|  33|0x0000000083500000, 0x0000000083500000, 0x0000000083600000|  0%| F|  |TAMS 0x0000000083500000, 0x0000000083500000| Untracked 
|  34|0x0000000083600000, 0x0000000083600000, 0x0000000083700000|  0%| F|  |TAMS 0x0000000083600000, 0x0000000083600000| Untracked 
|  35|0x0000000083700000, 0x0000000083700000, 0x0000000083800000|  0%| F|  |TAMS 0x0000000083700000, 0x0000000083700000| Untracked 
|  36|0x0000000083800000, 0x0000000083800000, 0x0000000083900000|  0%| F|  |TAMS 0x0000000083800000, 0x0000000083800000| Untracked 
|  37|0x0000000083900000, 0x0000000083900000, 0x0000000083a00000|  0%| F|  |TAMS 0x0000000083900000, 0x0000000083900000| Untracked 
|  38|0x0000000083a00000, 0x0000000083a00000, 0x0000000083b00000|  0%| F|  |TAMS 0x0000000083a00000, 0x0000000083a00000| Untracked 
|  39|0x0000000083b00000, 0x0000000083b00000, 0x0000000083c00000|  0%| F|  |TAMS 0x0000000083b00000, 0x0000000083b00000| Untracked 
|  40|0x0000000083c00000, 0x0000000083c00000, 0x0000000083d00000|  0%| F|  |TAMS 0x0000000083c00000, 0x0000000083c00000| Untracked 
|  41|0x0000000083d00000, 0x0000000083d00000, 0x0000000083e00000|  0%| F|  |TAMS 0x0000000083d00000, 0x0000000083d00000| Untracked 
|  42|0x0000000083e00000, 0x0000000083e00000, 0x0000000083f00000|  0%| F|  |TAMS 0x0000000083e00000, 0x0000000083e00000| Untracked 
|  43|0x0000000083f00000, 0x0000000083f00000, 0x0000000084000000|  0%| F|  |TAMS 0x0000000083f00000, 0x0000000083f00000| Untracked 
|  44|0x0000000084000000, 0x0000000084000000, 0x0000000084100000|  0%| F|  |TAMS 0x0000000084000000, 0x0000000084000000| Untracked 
|  45|0x0000000084100000, 0x0000000084100000, 0x0000000084200000|  0%| F|  |TAMS 0x0000000084100000, 0x0000000084100000| Untracked 
|  46|0x0000000084200000, 0x0000000084200000, 0x0000000084300000|  0%| F|  |TAMS 0x0000000084200000, 0x0000000084200000| Untracked 
|  47|0x0000000084300000, 0x0000000084300000, 0x0000000084400000|  0%| F|  |TAMS 0x0000000084300000, 0x0000000084300000| Untracked 
|  48|0x0000000084400000, 0x0000000084400000, 0x0000000084500000|  0%| F|  |TAMS 0x0000000084400000, 0x0000000084400000| Untracked 
|  49|0x0000000084500000, 0x0000000084500000, 0x0000000084600000|  0%| F|  |TAMS 0x0000000084500000, 0x0000000084500000| Untracked 
|  50|0x0000000084600000, 0x0000000084600000, 0x0000000084700000|  0%| F|  |TAMS 0x0000000084600000, 0x0000000084600000| Untracked 
|  51|0x0000000084700000, 0x0000000084700000, 0x0000000084800000|  0%| F|  |TAMS 0x0000000084700000, 0x0000000084700000| Untracked 
|  52|0x0000000084800000, 0x0000000084800000, 0x0000000084900000|  0%| F|  |TAMS 0x0000000084800000, 0x0000000084800000| Untracked 
|  53|0x0000000084900000, 0x0000000084900000, 0x0000000084a00000|  0%| F|  |TAMS 0x0000000084900000, 0x0000000084900000| Untracked 
|  54|0x0000000084a00000, 0x0000000084a00000, 0x0000000084b00000|  0%| F|  |TAMS 0x0000000084a00000, 0x0000000084a00000| Untracked 
|  55|0x0000000084b00000, 0x0000000084b00000, 0x0000000084c00000|  0%| F|  |TAMS 0x0000000084b00000, 0x0000000084b00000| Untracked 
|  56|0x0000000084c00000, 0x0000000084c00000, 0x0000000084d00000|  0%| F|  |TAMS 0x0000000084c00000, 0x0000000084c00000| Untracked 
|  57|0x0000000084d00000, 0x0000000084d00000, 0x0000000084e00000|  0%| F|  |TAMS 0x0000000084d00000, 0x0000000084d00000| Untracked 
|  58|0x0000000084e00000, 0x0000000084e00000, 0x0000000084f00000|  0%| F|  |TAMS 0x0000000084e00000, 0x0000000084e00000| Untracked 
|  59|0x0000000084f00000, 0x0000000084f00000, 0x0000000085000000|  0%| F|  |TAMS 0x0000000084f00000, 0x0000000084f00000| Untracked 
|  60|0x0000000085000000, 0x0000000085000000, 0x0000000085100000|  0%| F|  |TAMS 0x0000000085000000, 0x0000000085000000| Untracked 
|  61|0x0000000085100000, 0x0000000085100000, 0x0000000085200000|  0%| F|  |TAMS 0x0000000085100000, 0x0000000085100000| Untracked 
|  62|0x0000000085200000, 0x0000000085200000, 0x0000000085300000|  0%| F|  |TAMS 0x0000000085200000, 0x0000000085200000| Untracked 
|  63|0x0000000085300000, 0x0000000085300000, 0x0000000085400000|  0%| F|  |TAMS 0x0000000085300000, 0x0000000085300000| Untracked 
|  64|0x0000000085400000, 0x0000000085400000, 0x0000000085500000|  0%| F|  |TAMS 0x0000000085400000, 0x0000000085400000| Untracked 
|  65|0x0000000085500000, 0x0000000085500000, 0x0000000085600000|  0%| F|  |TAMS 0x0000000085500000, 0x0000000085500000| Untracked 
|  66|0x0000000085600000, 0x0000000085600000, 0x0000000085700000|  0%| F|  |TAMS 0x0000000085600000, 0x0000000085600000| Untracked 
|  67|0x0000000085700000, 0x0000000085700000, 0x0000000085800000|  0%| F|  |TAMS 0x0000000085700000, 0x0000000085700000| Untracked 
|  68|0x0000000085800000, 0x0000000085800000, 0x0000000085900000|  0%| F|  |TAMS 0x0000000085800000, 0x0000000085800000| Untracked 
|  69|0x0000000085900000, 0x0000000085900000, 0x0000000085a00000|  0%| F|  |TAMS 0x0000000085900000, 0x0000000085900000| Untracked 
|  70|0x0000000085a00000, 0x0000000085a00000, 0x0000000085b00000|  0%| F|  |TAMS 0x0000000085a00000, 0x0000000085a00000| Untracked 
|  71|0x0000000085b00000, 0x0000000085b00000, 0x0000000085c00000|  0%| F|  |TAMS 0x0000000085b00000, 0x0000000085b00000| Untracked 
|  72|0x0000000085c00000, 0x0000000085c00000, 0x0000000085d00000|  0%| F|  |TAMS 0x0000000085c00000, 0x0000000085c00000| Untracked 
|  73|0x0000000085d00000, 0x0000000085d00000, 0x0000000085e00000|  0%| F|  |TAMS 0x0000000085d00000, 0x0000000085d00000| Untracked 
|  74|0x0000000085e00000, 0x0000000085e00000, 0x0000000085f00000|  0%| F|  |TAMS 0x0000000085e00000, 0x0000000085e00000| Untracked 
|  75|0x0000000085f00000, 0x0000000085f00000, 0x0000000086000000|  0%| F|  |TAMS 0x0000000085f00000, 0x0000000085f00000| Untracked 
|  76|0x0000000086000000, 0x0000000086000000, 0x0000000086100000|  0%| F|  |TAMS 0x0000000086000000, 0x0000000086000000| Untracked 
|  77|0x0000000086100000, 0x0000000086100000, 0x0000000086200000|  0%| F|  |TAMS 0x0000000086100000, 0x0000000086100000| Untracked 
|  78|0x0000000086200000, 0x0000000086200000, 0x0000000086300000|  0%| F|  |TAMS 0x0000000086200000, 0x0000000086200000| Untracked 
|  79|0x0000000086300000, 0x0000000086300000, 0x0000000086400000|  0%| F|  |TAMS 0x0000000086300000, 0x0000000086300000| Untracked 
|  80|0x0000000086400000, 0x0000000086400000, 0x0000000086500000|  0%| F|  |TAMS 0x0000000086400000, 0x0000000086400000| Untracked 
|  81|0x0000000086500000, 0x0000000086500000, 0x0000000086600000|  0%| F|  |TAMS 0x0000000086500000, 0x0000000086500000| Untracked 
|  82|0x0000000086600000, 0x0000000086600000, 0x0000000086700000|  0%| F|  |TAMS 0x0000000086600000, 0x0000000086600000| Untracked 
|  83|0x0000000086700000, 0x0000000086700000, 0x0000000086800000|  0%| F|  |TAMS 0x0000000086700000, 0x0000000086700000| Untracked 
|  84|0x0000000086800000, 0x0000000086800000, 0x0000000086900000|  0%| F|  |TAMS 0x0000000086800000, 0x0000000086800000| Untracked 
|  85|0x0000000086900000, 0x0000000086900000, 0x0000000086a00000|  0%| F|  |TAMS 0x0000000086900000, 0x0000000086900000| Untracked 
|  86|0x0000000086a00000, 0x0000000086a00000, 0x0000000086b00000|  0%| F|  |TAMS 0x0000000086a00000, 0x0000000086a00000| Untracked 
|  87|0x0000000086b00000, 0x0000000086b00000, 0x0000000086c00000|  0%| F|  |TAMS 0x0000000086b00000, 0x0000000086b00000| Untracked 
|  88|0x0000000086c00000, 0x0000000086c00000, 0x0000000086d00000|  0%| F|  |TAMS 0x0000000086c00000, 0x0000000086c00000| Untracked 
|  89|0x0000000086d00000, 0x0000000086d00000, 0x0000000086e00000|  0%| F|  |TAMS 0x0000000086d00000, 0x0000000086d00000| Untracked 
|  90|0x0000000086e00000, 0x0000000086e00000, 0x0000000086f00000|  0%| F|  |TAMS 0x0000000086e00000, 0x0000000086e00000| Untracked 
|  91|0x0000000086f00000, 0x0000000086f00000, 0x0000000087000000|  0%| F|  |TAMS 0x0000000086f00000, 0x0000000086f00000| Untracked 
|  92|0x0000000087000000, 0x0000000087000000, 0x0000000087100000|  0%| F|  |TAMS 0x0000000087000000, 0x0000000087000000| Untracked 
|  93|0x0000000087100000, 0x0000000087100000, 0x0000000087200000|  0%| F|  |TAMS 0x0000000087100000, 0x0000000087100000| Untracked 
|  94|0x0000000087200000, 0x0000000087200000, 0x0000000087300000|  0%| F|  |TAMS 0x0000000087200000, 0x0000000087200000| Untracked 
|  95|0x0000000087300000, 0x0000000087300000, 0x0000000087400000|  0%| F|  |TAMS 0x0000000087300000, 0x0000000087300000| Untracked 
|  96|0x0000000087400000, 0x0000000087400000, 0x0000000087500000|  0%| F|  |TAMS 0x0000000087400000, 0x0000000087400000| Untracked 
|  97|0x0000000087500000, 0x0000000087500000, 0x0000000087600000|  0%| F|  |TAMS 0x0000000087500000, 0x0000000087500000| Untracked 
|  98|0x0000000087600000, 0x0000000087600000, 0x0000000087700000|  0%| F|  |TAMS 0x0000000087600000, 0x0000000087600000| Untracked 
|  99|0x0000000087700000, 0x0000000087700000, 0x0000000087800000|  0%| F|  |TAMS 0x0000000087700000, 0x0000000087700000| Untracked 
| 100|0x0000000087800000, 0x0000000087800000, 0x0000000087900000|  0%| F|  |TAMS 0x0000000087800000, 0x0000000087800000| Untracked 
| 101|0x0000000087900000, 0x0000000087900000, 0x0000000087a00000|  0%| F|  |TAMS 0x0000000087900000, 0x0000000087900000| Untracked 
| 102|0x0000000087a00000, 0x0000000087a00000, 0x0000000087b00000|  0%| F|  |TAMS 0x0000000087a00000, 0x0000000087a00000| Untracked 
| 103|0x0000000087b00000, 0x0000000087b00000, 0x0000000087c00000|  0%| F|  |TAMS 0x0000000087b00000, 0x0000000087b00000| Untracked 
| 104|0x0000000087c00000, 0x0000000087c80800, 0x0000000087d00000| 50%| E|  |TAMS 0x0000000087c00000, 0x0000000087c00000| Complete 
| 105|0x0000000087d00000, 0x0000000087e00000, 0x0000000087e00000|100%| E|CS|TAMS 0x0000000087d00000, 0x0000000087d00000| Complete 
| 106|0x0000000087e00000, 0x0000000087f00000, 0x0000000087f00000|100%| E|CS|TAMS 0x0000000087e00000, 0x0000000087e00000| Complete 
| 107|0x0000000087f00000, 0x0000000087f66020, 0x0000000088000000| 39%| S|CS|TAMS 0x0000000087f00000, 0x0000000087f00000| Complete 
| 108|0x0000000088000000, 0x0000000088100000, 0x0000000088100000|100%| S|CS|TAMS 0x0000000088000000, 0x0000000088000000| Complete 
| 109|0x0000000088100000, 0x0000000088200000, 0x0000000088200000|100%| S|CS|TAMS 0x0000000088100000, 0x0000000088100000| Complete 
| 110|0x0000000088200000, 0x0000000088300000, 0x0000000088300000|100%| E|CS|TAMS 0x0000000088200000, 0x0000000088200000| Complete 
| 111|0x0000000088300000, 0x0000000088400000, 0x0000000088400000|100%| E|CS|TAMS 0x0000000088300000, 0x0000000088300000| Complete 
| 112|0x0000000088400000, 0x0000000088500000, 0x0000000088500000|100%| E|CS|TAMS 0x0000000088400000, 0x0000000088400000| Complete 
| 113|0x0000000088500000, 0x0000000088600000, 0x0000000088600000|100%| E|CS|TAMS 0x0000000088500000, 0x0000000088500000| Complete 
| 114|0x0000000088600000, 0x0000000088700000, 0x0000000088700000|100%| E|CS|TAMS 0x0000000088600000, 0x0000000088600000| Complete 
| 115|0x0000000088700000, 0x0000000088800000, 0x0000000088800000|100%| E|CS|TAMS 0x0000000088700000, 0x0000000088700000| Complete 
| 116|0x0000000088800000, 0x0000000088900000, 0x0000000088900000|100%| E|CS|TAMS 0x0000000088800000, 0x0000000088800000| Complete 
| 117|0x0000000088900000, 0x0000000088a00000, 0x0000000088a00000|100%| E|CS|TAMS 0x0000000088900000, 0x0000000088900000| Complete 
| 118|0x0000000088a00000, 0x0000000088b00000, 0x0000000088b00000|100%| E|CS|TAMS 0x0000000088a00000, 0x0000000088a00000| Complete 
| 119|0x0000000088b00000, 0x0000000088c00000, 0x0000000088c00000|100%| E|CS|TAMS 0x0000000088b00000, 0x0000000088b00000| Complete 
| 120|0x0000000088c00000, 0x0000000088d00000, 0x0000000088d00000|100%| E|CS|TAMS 0x0000000088c00000, 0x0000000088c00000| Complete 
| 121|0x0000000088d00000, 0x0000000088e00000, 0x0000000088e00000|100%| E|CS|TAMS 0x0000000088d00000, 0x0000000088d00000| Complete 
| 122|0x0000000088e00000, 0x0000000088f00000, 0x0000000088f00000|100%| E|CS|TAMS 0x0000000088e00000, 0x0000000088e00000| Complete 
| 123|0x0000000088f00000, 0x0000000089000000, 0x0000000089000000|100%| E|CS|TAMS 0x0000000088f00000, 0x0000000088f00000| Complete 
| 124|0x0000000089000000, 0x0000000089100000, 0x0000000089100000|100%| E|CS|TAMS 0x0000000089000000, 0x0000000089000000| Complete 
| 125|0x0000000089100000, 0x0000000089200000, 0x0000000089200000|100%| E|CS|TAMS 0x0000000089100000, 0x0000000089100000| Complete 
| 126|0x0000000089200000, 0x0000000089300000, 0x0000000089300000|100%| E|CS|TAMS 0x0000000089200000, 0x0000000089200000| Complete 
| 127|0x0000000089300000, 0x0000000089400000, 0x0000000089400000|100%| E|CS|TAMS 0x0000000089300000, 0x0000000089300000| Complete 

Card table byte_map: [0x0000000015540000,0x0000000015940000] _byte_map_base: 0x0000000015136000

Marking Bits (Prev, Next): (CMBitMap*) 0x000000000045dbe0, (CMBitMap*) 0x000000000045dc20
 Prev Bits: [0x0000000015d40000, 0x0000000017cf0000)
 Next Bits: [0x0000000017cf0000, 0x0000000019ca0000)

Polling page: 0x0000000000120000

Metaspace:

Usage:
  Non-class:     16.56 MB used.
      Class:      1.75 MB used.
       Both:     18.31 MB used.

Virtual space:
  Non-class space:       24.00 MB reserved,      16.63 MB ( 69%) committed,  3 nodes.
      Class space:        1.00 GB reserved,       1.88 MB ( <1%) committed,  1 nodes.
              Both:        1.02 GB reserved,      18.50 MB (  2%) committed. 

Chunk freelists:
   Non-Class:  2.58 MB
       Class:  2.17 MB
        Both:  4.75 MB

MaxMetaspaceSize: 17179869184.00 GB
CompressedClassSpaceSize: 1.00 GB
 - commit_granule_bytes: 65536.
 - commit_granule_words: 8192.
 - virtual_space_node_default_size: 1048576.
 - enlarge_chunks_in_place: 1.
 - new_chunks_are_fully_committed: 0.
 - uncommit_free_chunks: 1.
 - use_allocation_guard: 0.
 - handle_deallocations: 1.


Internal statistics:

num_allocs_failed_limit: 0.
num_arena_births: 78.
num_arena_deaths: 0.
num_vsnodes_births: 4.
num_vsnodes_deaths: 0.
num_space_committed: 296.
num_space_uncommitted: 0.
num_chunks_returned_to_freelist: 0.
num_chunks_taken_from_freelist: 273.
num_chunk_merges: 0.
num_chunk_splits: 168.
num_chunks_enlarged: 111.
num_purges: 0.

CodeHeap 'non-profiled nmethods': size=120000Kb used=256Kb max_used=256Kb free=119744Kb
 bounds [0x000000000d6e0000, 0x000000000d950000, 0x0000000014c10000]
CodeHeap 'profiled nmethods': size=120000Kb used=1118Kb max_used=1118Kb free=118881Kb
 bounds [0x00000000061b0000, 0x0000000006420000, 0x000000000d6e0000]
CodeHeap 'non-nmethods': size=5760Kb used=1302Kb max_used=1319Kb free=4458Kb
 bounds [0x0000000005c10000, 0x0000000005e80000, 0x00000000061b0000]
 total_blobs=1206 nmethods=668 adapters=451
 compilation: enabled
              stopped_count=0, restarted_count=0
 full_count=0

Compilation events (20 events):
Event: 3362.567 Thread 0x000000001cb1c950  665       3       org.eclipse.jdt.launching.internal.org.objectweb.asm.SymbolTable::addConstantClass (8 bytes)
Event: 3362.568 Thread 0x000000001cb1c950 nmethod 665 0x00000000062b8790 code [0x00000000062b8940, 0x00000000062b8a88]
Event: 3362.568 Thread 0x000000001cb1c950  666       3       org.eclipse.jdt.launching.internal.org.objectweb.asm.SymbolTable::addConstantUtf8Reference (101 bytes)
Event: 3362.569 Thread 0x000000001cb1c950 nmethod 666 0x00000000062b8b10 code [0x00000000062b8d40, 0x00000000062b9338]
Event: 3770.659 Thread 0x000000001cb1c950  667       3       org.eclipse.jdt.launching.internal.javaagent.Premain::access$000 (4 bytes)
Event: 3770.659 Thread 0x000000001cb1c950 nmethod 667 0x00000000062b9690 code [0x00000000062b9820, 0x00000000062b9918]
Event: 3770.659 Thread 0x000000001cb1c950  671       3       org.eclipse.jdt.launching.internal.org.objectweb.asm.ClassReader::accept (1404 bytes)
Event: 3770.673 Thread 0x000000001cb1c950 nmethod 671 0x00000000062b9990 code [0x00000000062ba540, 0x00000000062c1b88]
Event: 3770.673 Thread 0x000000001cb1c950  670       3       org.eclipse.jdt.launching.internal.org.objectweb.asm.ClassVisitor::<init> (94 bytes)
Event: 3770.674 Thread 0x000000001cb1c950 nmethod 670 0x00000000062c5310 code [0x00000000062c5580, 0x00000000062c5e88]
Event: 3770.674 Thread 0x000000001cb1c950  668       3       org.eclipse.jdt.launching.internal.weaving.ClassfileTransformer::transform (47 bytes)
Event: 3770.675 Thread 0x000000001cb1c950 nmethod 668 0x00000000062c6190 code [0x00000000062c63a0, 0x00000000062c69e8]
Event: 3770.675 Thread 0x000000001cb1c950  669       3       org.eclipse.jdt.launching.internal.org.objectweb.asm.ClassWriter::<init> (68 bytes)
Event: 3770.675 Thread 0x000000001cb1c950 nmethod 669 0x00000000062c6c90 code [0x00000000062c6e80, 0x00000000062c7308]
Event: 3770.675 Thread 0x000000001cb1c950  672       1       org.eclipse.jdt.launching.internal.org.objectweb.asm.SymbolTable::getConstantPoolCount (5 bytes)
Event: 3770.675 Thread 0x000000001cb1c950 nmethod 672 0x000000000d71f910 code [0x000000000d71faa0, 0x000000000d71fb78]
Event: 3772.051 Thread 0x000000001cb1c950  673       3       org.eclipse.jdt.launching.internal.org.objectweb.asm.ByteVector::putInt (74 bytes)
Event: 3772.051 Thread 0x000000001cb1c950 nmethod 673 0x00000000062c7490 code [0x00000000062c7640, 0x00000000062c78a8]
Event: 4015.598 Thread 0x000000001cb0afa0  674       4       java.lang.StringBuilder::append (8 bytes)
Event: 4015.628 Thread 0x000000001cb0afa0 


GC Heap History (4 events):
Event: 13.498 GC heap before
{Heap before GC invocations=0 (full 0):
 garbage-first heap   total 131072K, used 12288K [0x0000000081400000, 0x0000000100000000)
  region size 1024K, 13 young (13312K), 0 survivors (0K)
 Metaspace       used 11573K, committed 11776K, reserved 1064960K
  class space    used 984K, committed 1088K, reserved 1048576K
}
Event: 13.503 GC heap after
{Heap after GC invocations=1 (full 0):
 garbage-first heap   total 131072K, used 2427K [0x0000000081400000, 0x0000000100000000)
  region size 1024K, 2 young (2048K), 2 survivors (2048K)
 Metaspace       used 11573K, committed 11776K, reserved 1064960K
  class space    used 984K, committed 1088K, reserved 1048576K
}
Event: 18.010 GC heap before
{Heap before GC invocations=1 (full 0):
 garbage-first heap   total 131072K, used 17787K [0x0000000081400000, 0x0000000100000000)
  region size 1024K, 18 young (18432K), 2 survivors (2048K)
 Metaspace       used 14294K, committed 14464K, reserved 1064960K
  class space    used 1254K, committed 1344K, reserved 1048576K
}
Event: 18.017 GC heap after
{Heap after GC invocations=2 (full 0):
 garbage-first heap   total 131072K, used 4827K [0x0000000081400000, 0x0000000100000000)
  region size 1024K, 3 young (3072K), 3 survivors (3072K)
 Metaspace       used 14294K, committed 14464K, reserved 1064960K
  class space    used 1254K, committed 1344K, reserved 1048576K
}

Deoptimization events (20 events):
Event: 0.692 Thread 0x0000000000415ad0 DEOPT PACKING pc=0x0000000006220a70 sp=0x00000000022db610
Event: 0.692 Thread 0x0000000000415ad0 DEOPT UNPACKING pc=0x0000000005c5dece sp=0x00000000022daa78 mode 0
Event: 0.696 Thread 0x0000000000415ad0 DEOPT PACKING pc=0x0000000006220a70 sp=0x00000000022dbc80
Event: 0.696 Thread 0x0000000000415ad0 DEOPT UNPACKING pc=0x0000000005c5dece sp=0x00000000022db0e8 mode 0
Event: 0.705 Thread 0x0000000000415ad0 DEOPT PACKING pc=0x0000000006220a70 sp=0x00000000022d7e40
Event: 0.705 Thread 0x0000000000415ad0 DEOPT UNPACKING pc=0x0000000005c5dece sp=0x00000000022d72a8 mode 0
Event: 0.705 Thread 0x0000000000415ad0 DEOPT PACKING pc=0x0000000006220b5b sp=0x00000000022d7e40
Event: 0.705 Thread 0x0000000000415ad0 DEOPT UNPACKING pc=0x0000000005c5dece sp=0x00000000022d72a8 mode 0
Event: 0.705 Thread 0x0000000000415ad0 DEOPT PACKING pc=0x0000000006220b5b sp=0x00000000022d7e40
Event: 0.705 Thread 0x0000000000415ad0 DEOPT UNPACKING pc=0x0000000005c5dece sp=0x00000000022d72a8 mode 0
Event: 0.705 Thread 0x0000000000415ad0 DEOPT PACKING pc=0x0000000006220b5b sp=0x00000000022d7e40
Event: 0.705 Thread 0x0000000000415ad0 DEOPT UNPACKING pc=0x0000000005c5dece sp=0x00000000022d72a8 mode 0
Event: 0.706 Thread 0x0000000000415ad0 DEOPT PACKING pc=0x0000000006220b5b sp=0x00000000022d7e40
Event: 0.706 Thread 0x0000000000415ad0 DEOPT UNPACKING pc=0x0000000005c5dece sp=0x00000000022d72a8 mode 0
Event: 0.765 Thread 0x0000000000415ad0 Uncommon trap: trap_request=0xffffff45 fr.pc=0x000000000d6f42e8 relative=0x0000000000000048
Event: 0.765 Thread 0x0000000000415ad0 Uncommon trap: reason=unstable_if action=reinterpret pc=0x000000000d6f42e8 method=java.lang.CharacterData.of(I)Ljava/lang/CharacterData; @ 4 c2
Event: 0.765 Thread 0x0000000000415ad0 DEOPT PACKING pc=0x000000000d6f42e8 sp=0x00000000022de740
Event: 0.765 Thread 0x0000000000415ad0 DEOPT UNPACKING pc=0x0000000005c5d72e sp=0x00000000022de6e0 mode 2
Event: 530.969 Thread 0x000000005e3c2cf0 DEOPT PACKING pc=0x000000000622bc79 sp=0x000000006039e760
Event: 530.969 Thread 0x000000005e3c2cf0 DEOPT UNPACKING pc=0x0000000005c5dece sp=0x000000006039dbc0 mode 0

Classes unloaded (0 events):
No events

Classes redefined (15 events):
Event: 461.079 Thread 0x000000001cac1a10 redefined class name=com.bridgelabz.addressbookdb.AddressBookMainClass, count=1
Event: 868.443 Thread 0x000000001cac1a10 redefined class name=com.bridgelabz.addressbookdb.AddressBookMainClass, count=2
Event: 1085.271 Thread 0x000000001cac1a10 redefined class name=com.bridgelabz.addressbookdb.AddressBookMainClass, count=3
Event: 1216.946 Thread 0x000000001cac1a10 redefined class name=com.bridgelabz.addressbookdb.AddressBookMainClass, count=4
Event: 1233.645 Thread 0x000000001cac1a10 redefined class name=com.bridgelabz.addressbookdb.AddressBookMainClass, count=5
Event: 1719.985 Thread 0x000000001cac1a10 redefined class name=com.bridgelabz.addressbookdb.AddressBookMainClass, count=6
Event: 2183.554 Thread 0x000000001cac1a10 redefined class name=com.bridgelabz.addressbookdb.AddressBookMainClass, count=7
Event: 2676.353 Thread 0x000000001cac1a10 redefined class name=com.bridgelabz.addressbookdb.AddressBookMainClass, count=8
Event: 2734.410 Thread 0x000000001cac1a10 redefined class name=com.bridgelabz.addressbookdb.AddressBookMainClass, count=9
Event: 2844.008 Thread 0x000000001cac1a10 redefined class name=com.bridgelabz.addressbookdb.AddressBookMainClass, count=10
Event: 3320.114 Thread 0x000000001cac1a10 redefined class name=com.bridgelabz.addressbookdb.AddressBookMainClass, count=11
Event: 3362.575 Thread 0x000000001cac1a10 redefined class name=com.bridgelabz.addressbookdb.AddressBookMainClass, count=12
Event: 3772.061 Thread 0x000000001cac1a10 redefined class name=com.bridgelabz.addressbookdb.AddressBookMainClass, count=13
Event: 3979.206 Thread 0x000000001cac1a10 redefined class name=com.bridgelabz.addressbookdb.AddressBookMainClass, count=14
Event: 4015.603 Thread 0x000000001cac1a10 redefined class name=com.bridgelabz.addressbookdb.AddressBookMainClass, count=15

Internal exceptions (12 events):
Event: 0.637 Thread 0x0000000000415ad0 Exception <a 'java/lang/NoSuchMethodError'{0x0000000088f608d8}: 'java.lang.Object java.lang.invoke.DirectMethodHandle$Holder.invokeStatic(java.lang.Object)'> (0x0000000088f608d8) 
thrown [t:\workspace\open\src\hotspot\share\interpreter\linkResolver.cpp, line 790]
Event: 10.361 Thread 0x0000000000415ad0 Exception <a 'java/lang/NoSuchMethodError'{0x0000000088c44f38}: 'void java.lang.invoke.DirectMethodHandle$Holder.invokeSpecial(java.lang.Object, java.lang.Object, java.lang.Object)'> (0x0000000088c44f38) 
thrown [t:\workspace\open\src\hotspot\share\interpreter\linkResolver.cpp, line 790]
Event: 11.201 Thread 0x0000000000415ad0 Exception <a 'java/lang/NoSuchMethodError'{0x0000000088a22930}: 'java.lang.Object java.lang.invoke.DirectMethodHandle$Holder.invokeStaticInit(java.lang.Object)'> (0x0000000088a22930) 
thrown [t:\workspace\open\src\hotspot\share\interpreter\linkResolver.cpp, line 790]
Event: 11.226 Thread 0x0000000000415ad0 Exception <a 'java/lang/NoSuchMethodError'{0x0000000088a29558}: 'java.lang.Object java.lang.invoke.DirectMethodHandle$Holder.invokeInterface(java.lang.Object, java.lang.Object)'> (0x0000000088a29558) 
thrown [t:\workspace\open\src\hotspot\share\interpreter\linkResolver.cpp, line 790]
Event: 17.739 Thread 0x0000000000415ad0 Exception <a 'java/lang/NoSuchMethodError'{0x000000008842e2f8}: 'void java.lang.invoke.DirectMethodHandle$Holder.invokeStatic(java.lang.Object, java.lang.Object)'> (0x000000008842e2f8) 
thrown [t:\workspace\open\src\hotspot\share\interpreter\linkResolver.cpp, line 790]
Event: 18.347 Thread 0x0000000000415ad0 Exception <a 'sun/nio/fs/WindowsException'{0x0000000088f695e0}> (0x0000000088f695e0) 
thrown [t:\workspace\open\src\hotspot\share\prims\jni.cpp, line 579]
Event: 18.392 Thread 0x0000000000415ad0 Exception <a 'java/lang/NoSuchMethodError'{0x0000000088fcab58}: 'int java.lang.invoke.DirectMethodHandle$Holder.invokeStaticInit(java.lang.Object, java.lang.Object, java.lang.Object, java.lang.Object)'> (0x0000000088fcab58) 
thrown [t:\workspace\open\src\hotspot\share\interpreter\linkResolver.cpp, line 790]
Event: 18.399 Thread 0x0000000000415ad0 Exception <a 'java/lang/IncompatibleClassChangeError'{0x0000000088fd4538}: Found class java.lang.Object, but interface was expected> (0x0000000088fd4538) 
thrown [t:\workspace\open\src\hotspot\share\interpreter\linkResolver.cpp, line 857]
Event: 18.402 Thread 0x0000000000415ad0 Exception <a 'java/lang/NoSuchMethodError'{0x0000000088fd7f18}: 'void java.lang.invoke.DirectMethodHandle$Holder.invokeStaticInit(java.lang.Object, java.lang.Object)'> (0x0000000088fd7f18) 
thrown [t:\workspace\open\src\hotspot\share\interpreter\linkResolver.cpp, line 790]
Event: 18.406 Thread 0x0000000000415ad0 Exception <a 'java/lang/NoSuchMethodError'{0x0000000088fe0670}: 'int java.lang.invoke.DirectMethodHandle$Holder.invokeStaticInit(java.lang.Object, java.lang.Object)'> (0x0000000088fe0670) 
thrown [t:\workspace\open\src\hotspot\share\interpreter\linkResolver.cpp, line 790]
Event: 18.850 Thread 0x0000000000415ad0 Exception <a 'java/lang/NoSuchMethodError'{0x0000000088c76778}: 'java.lang.Object java.lang.invoke.DirectMethodHandle$Holder.invokeStaticInit(java.lang.Object, int, int, int, int)'> (0x0000000088c76778) 
thrown [t:\workspace\open\src\hotspot\share\interpreter\linkResolver.cpp, line 790]
Event: 19.032 Thread 0x0000000000415ad0 Exception <a 'java/lang/NoSuchMethodError'{0x0000000088b46c50}: 'java.lang.Object java.lang.invoke.DirectMethodHandle$Holder.invokeStaticInit(java.lang.Object, java.lang.Object, int, int, int, int)'> (0x0000000088b46c50) 
thrown [t:\workspace\open\src\hotspot\share\interpreter\linkResolver.cpp, line 790]

Events (20 events):
Event: 3362.596 Executing  VM operation: ChangeBreakpoints done
Event: 3772.059 Executing  VM operation: RedefineClasses
Event: 3772.076 Executing  VM operation: RedefineClasses done
Event: 3772.091 Executing  VM operation: ChangeBreakpoints
Event: 3772.092 Executing  VM operation: ChangeBreakpoints done
Event: 3772.107 Executing  VM operation: ChangeBreakpoints
Event: 3772.108 Executing  VM operation: ChangeBreakpoints done
Event: 3979.204 Executing  VM operation: RedefineClasses
Event: 3979.213 Executing  VM operation: RedefineClasses done
Event: 3979.245 Executing  VM operation: ChangeBreakpoints
Event: 3979.246 Executing  VM operation: ChangeBreakpoints done
Event: 3979.261 Executing  VM operation: ChangeBreakpoints
Event: 3979.262 Executing  VM operation: ChangeBreakpoints done
Event: 4015.601 Executing  VM operation: RedefineClasses
Event: 4015.611 Executing  VM operation: RedefineClasses done
Event: 4015.622 Executing  VM operation: ChangeBreakpoints
Event: 4015.622 Executing  VM operation: ChangeBreakpoints done
Event: 4015.632 Executing  VM operation: ChangeBreakpoints
Event: 4015.633 Executing  VM operation: ChangeBreakpoints done
Event: 4318.892 Executing  VM operation: get/set locals


Dynamic libraries:
0x000000013f210000 - 0x000000013f21e000 	C:\Users\Next\.p2\pool\plugins\org.eclipse.justj.openjdk.hotspot.jre.full.win32.x86_64_16.0.1.v20210528-1205\jre\bin\javaw.exe
0x0000000076dc0000 - 0x0000000076f69000 	C:\Windows\SYSTEM32\ntdll.dll
0x0000000076ba0000 - 0x0000000076cbf000 	C:\Windows\system32\kernel32.dll
0x000007fefcea0000 - 0x000007fefcf0c000 	C:\Windows\system32\KERNELBASE.dll
0x000007feec9f0000 - 0x000007feeca08000 	C:\Users\Next\.p2\pool\plugins\org.eclipse.justj.openjdk.hotspot.jre.full.win32.x86_64_16.0.1.v20210528-1205\jre\bin\jli.dll
0x000007fefb900000 - 0x000007fefbaf4000 	C:\Windows\WinSxS\amd64_microsoft.windows.common-controls_6595b64144ccf1df_6.0.7601.17514_none_fa396087175ac9ac\COMCTL32.dll
0x000007fefed70000 - 0x000007fefee0f000 	C:\Windows\system32\msvcrt.dll
0x000007fefd1c0000 - 0x000007fefd227000 	C:\Windows\system32\GDI32.dll
0x0000000076cc0000 - 0x0000000076dba000 	C:\Windows\system32\USER32.dll
0x000007fefeeb0000 - 0x000007fefeebe000 	C:\Windows\system32\LPK.dll
0x000007fefe8e0000 - 0x000007fefe9a9000 	C:\Windows\system32\USP10.dll
0x000007fefe600000 - 0x000007fefe671000 	C:\Windows\system32\SHLWAPI.dll
0x000007feeca10000 - 0x000007feeca29000 	C:\Users\Next\.p2\pool\plugins\org.eclipse.justj.openjdk.hotspot.jre.full.win32.x86_64_16.0.1.v20210528-1205\jre\bin\VCRUNTIME140.dll
0x000007feefd80000 - 0x000007feefd84000 	C:\Users\Next\.p2\pool\plugins\org.eclipse.justj.openjdk.hotspot.jre.full.win32.x86_64_16.0.1.v20210528-1205\jre\bin\api-ms-win-crt-runtime-l1-1-0.dll
0x000007fecdbd0000 - 0x000007fecdcca000 	C:\Users\Next\.p2\pool\plugins\org.eclipse.justj.openjdk.hotspot.jre.full.win32.x86_64_16.0.1.v20210528-1205\jre\bin\ucrtbase.DLL
0x000007fef36c0000 - 0x000007fef36c3000 	C:\Users\Next\.p2\pool\plugins\org.eclipse.justj.openjdk.hotspot.jre.full.win32.x86_64_16.0.1.v20210528-1205\jre\bin\api-ms-win-core-localization-l1-2-0.dll
0x000007feee120000 - 0x000007feee123000 	C:\Users\Next\.p2\pool\plugins\org.eclipse.justj.openjdk.hotspot.jre.full.win32.x86_64_16.0.1.v20210528-1205\jre\bin\api-ms-win-core-processthreads-l1-1-1.dll
0x000007feec9e0000 - 0x000007feec9e3000 	C:\Users\Next\.p2\pool\plugins\org.eclipse.justj.openjdk.hotspot.jre.full.win32.x86_64_16.0.1.v20210528-1205\jre\bin\api-ms-win-core-file-l1-2-0.dll
0x000007feec920000 - 0x000007feec923000 	C:\Users\Next\.p2\pool\plugins\org.eclipse.justj.openjdk.hotspot.jre.full.win32.x86_64_16.0.1.v20210528-1205\jre\bin\api-ms-win-core-timezone-l1-1-0.dll
0x000007feebed0000 - 0x000007feebed3000 	C:\Users\Next\.p2\pool\plugins\org.eclipse.justj.openjdk.hotspot.jre.full.win32.x86_64_16.0.1.v20210528-1205\jre\bin\api-ms-win-core-file-l2-1-0.dll
0x000007feeb750000 - 0x000007feeb753000 	C:\Users\Next\.p2\pool\plugins\org.eclipse.justj.openjdk.hotspot.jre.full.win32.x86_64_16.0.1.v20210528-1205\jre\bin\api-ms-win-core-synch-l1-2-0.dll
0x000007feead70000 - 0x000007feead73000 	C:\Users\Next\.p2\pool\plugins\org.eclipse.justj.openjdk.hotspot.jre.full.win32.x86_64_16.0.1.v20210528-1205\jre\bin\api-ms-win-crt-heap-l1-1-0.dll
0x000007feead60000 - 0x000007feead64000 	C:\Users\Next\.p2\pool\plugins\org.eclipse.justj.openjdk.hotspot.jre.full.win32.x86_64_16.0.1.v20210528-1205\jre\bin\api-ms-win-crt-string-l1-1-0.dll
0x000007fee69f0000 - 0x000007fee69f4000 	C:\Users\Next\.p2\pool\plugins\org.eclipse.justj.openjdk.hotspot.jre.full.win32.x86_64_16.0.1.v20210528-1205\jre\bin\api-ms-win-crt-stdio-l1-1-0.dll
0x000007fee6a00000 - 0x000007fee6a04000 	C:\Users\Next\.p2\pool\plugins\org.eclipse.justj.openjdk.hotspot.jre.full.win32.x86_64_16.0.1.v20210528-1205\jre\bin\api-ms-win-crt-convert-l1-1-0.dll
0x000007fee6080000 - 0x000007fee6083000 	C:\Users\Next\.p2\pool\plugins\org.eclipse.justj.openjdk.hotspot.jre.full.win32.x86_64_16.0.1.v20210528-1205\jre\bin\api-ms-win-crt-environment-l1-1-0.dll
0x000007fee6880000 - 0x000007fee6883000 	C:\Users\Next\.p2\pool\plugins\org.eclipse.justj.openjdk.hotspot.jre.full.win32.x86_64_16.0.1.v20210528-1205\jre\bin\api-ms-win-crt-filesystem-l1-1-0.dll
0x000007fee5fe0000 - 0x000007fee5fe5000 	C:\Users\Next\.p2\pool\plugins\org.eclipse.justj.openjdk.hotspot.jre.full.win32.x86_64_16.0.1.v20210528-1205\jre\bin\api-ms-win-crt-math-l1-1-0.dll
0x000007fee6070000 - 0x000007fee6073000 	C:\Users\Next\.p2\pool\plugins\org.eclipse.justj.openjdk.hotspot.jre.full.win32.x86_64_16.0.1.v20210528-1205\jre\bin\api-ms-win-crt-locale-l1-1-0.dll
0x000007fefeae0000 - 0x000007fefeb0e000 	C:\Windows\system32\IMM32.DLL
0x000007fefeb30000 - 0x000007fefec39000 	C:\Windows\system32\MSCTF.dll
0x000007fee29f0000 - 0x000007fee29fc000 	C:\Users\Next\.p2\pool\plugins\org.eclipse.justj.openjdk.hotspot.jre.full.win32.x86_64_16.0.1.v20210528-1205\jre\bin\vcruntime140_1.dll
0x000007fecdd30000 - 0x000007fecddc1000 	C:\Users\Next\.p2\pool\plugins\org.eclipse.justj.openjdk.hotspot.jre.full.win32.x86_64_16.0.1.v20210528-1205\jre\bin\msvcp140.dll
0x000007fee5eb0000 - 0x000007fee5eb3000 	C:\Users\Next\.p2\pool\plugins\org.eclipse.justj.openjdk.hotspot.jre.full.win32.x86_64_16.0.1.v20210528-1205\jre\bin\api-ms-win-crt-time-l1-1-0.dll
0x000007fee29d0000 - 0x000007fee29d3000 	C:\Users\Next\.p2\pool\plugins\org.eclipse.justj.openjdk.hotspot.jre.full.win32.x86_64_16.0.1.v20210528-1205\jre\bin\api-ms-win-crt-utility-l1-1-0.dll
0x000007feccfd0000 - 0x000007fecdb7b000 	C:\Users\Next\.p2\pool\plugins\org.eclipse.justj.openjdk.hotspot.jre.full.win32.x86_64_16.0.1.v20210528-1205\jre\bin\server\jvm.dll
0x000007fefe520000 - 0x000007fefe5fb000 	C:\Windows\system32\ADVAPI32.dll
0x000007fefd470000 - 0x000007fefd48f000 	C:\Windows\SYSTEM32\sechost.dll
0x000007fefec40000 - 0x000007fefed6d000 	C:\Windows\system32\RPCRT4.dll
0x000007fef0960000 - 0x000007fef0969000 	C:\Windows\system32\WSOCK32.dll
0x000007fefd420000 - 0x000007fefd46d000 	C:\Windows\system32\WS2_32.dll
0x000007fefd410000 - 0x000007fefd418000 	C:\Windows\system32\NSI.dll
0x000007fefabf0000 - 0x000007fefac2b000 	C:\Windows\system32\WINMM.dll
0x000007fefbe70000 - 0x000007fefbe7c000 	C:\Windows\system32\VERSION.dll
0x0000000076f90000 - 0x0000000076f97000 	C:\Windows\system32\PSAPI.DLL
0x000007fef36d0000 - 0x000007fef36da000 	C:\Users\Next\.p2\pool\plugins\org.eclipse.justj.openjdk.hotspot.jre.full.win32.x86_64_16.0.1.v20210528-1205\jre\bin\jimage.dll
0x000007fef9470000 - 0x000007fef9595000 	C:\Windows\system32\DBGHELP.DLL
0x000007feded20000 - 0x000007feded5b000 	C:\Users\Next\.p2\pool\plugins\org.eclipse.justj.openjdk.hotspot.jre.full.win32.x86_64_16.0.1.v20210528-1205\jre\bin\jdwp.dll
0x000007fefaa10000 - 0x000007fefaa1e000 	C:\Users\Next\.p2\pool\plugins\org.eclipse.justj.openjdk.hotspot.jre.full.win32.x86_64_16.0.1.v20210528-1205\jre\bin\instrument.dll
0x000007fef1790000 - 0x000007fef17b5000 	C:\Users\Next\.p2\pool\plugins\org.eclipse.justj.openjdk.hotspot.jre.full.win32.x86_64_16.0.1.v20210528-1205\jre\bin\java.dll
0x000007fef3540000 - 0x000007fef3558000 	C:\Users\Next\.p2\pool\plugins\org.eclipse.justj.openjdk.hotspot.jre.full.win32.x86_64_16.0.1.v20210528-1205\jre\bin\zip.dll
0x000007fefd490000 - 0x000007fefe218000 	C:\Windows\system32\SHELL32.dll
0x000007fefeec0000 - 0x000007feff0c3000 	C:\Windows\system32\ole32.dll
0x000007fefcd10000 - 0x000007fefcd1f000 	C:\Windows\system32\profapi.dll
0x000007fefaa50000 - 0x000007fefaa5c000 	C:\Users\Next\.p2\pool\plugins\org.eclipse.justj.openjdk.hotspot.jre.full.win32.x86_64_16.0.1.v20210528-1205\jre\bin\dt_socket.dll
0x000007fefa860000 - 0x000007fefa887000 	C:\Windows\system32\IPHLPAPI.DLL
0x000007fefa7c0000 - 0x000007fefa7cb000 	C:\Windows\system32\WINNSI.DLL
0x000007fefc540000 - 0x000007fefc595000 	C:\Windows\system32\mswsock.dll
0x000007fefbf40000 - 0x000007fefbf47000 	C:\Windows\System32\wshtcpip.dll
0x000007fefc530000 - 0x000007fefc537000 	C:\Windows\System32\wship6.dll
0x000007fefc3c0000 - 0x000007fefc41b000 	C:\Windows\system32\DNSAPI.dll
0x000007fef6740000 - 0x000007fef6748000 	C:\Windows\system32\rasadhlp.dll
0x000007fefa6b0000 - 0x000007fefa703000 	C:\Windows\System32\fwpuclnt.dll
0x000007fef16e0000 - 0x000007fef16f9000 	C:\Users\Next\.p2\pool\plugins\org.eclipse.justj.openjdk.hotspot.jre.full.win32.x86_64_16.0.1.v20210528-1205\jre\bin\net.dll
0x000007fef8690000 - 0x000007fef8701000 	C:\Windows\system32\WINHTTP.dll
0x000007fef8620000 - 0x000007fef8684000 	C:\Windows\system32\webio.dll
0x000007fef1660000 - 0x000007fef1673000 	C:\Users\Next\.p2\pool\plugins\org.eclipse.justj.openjdk.hotspot.jre.full.win32.x86_64_16.0.1.v20210528-1205\jre\bin\nio.dll
0x000007fef4970000 - 0x000007fef4980000 	C:\Users\Next\.p2\pool\plugins\org.eclipse.justj.openjdk.hotspot.jre.full.win32.x86_64_16.0.1.v20210528-1205\jre\bin\verify.dll
0x000007fef34b0000 - 0x000007fef34be000 	C:\Users\Next\.p2\pool\plugins\org.eclipse.justj.openjdk.hotspot.jre.full.win32.x86_64_16.0.1.v20210528-1205\jre\bin\sunmscapi.dll
0x000007fefcf30000 - 0x000007fefd097000 	C:\Windows\system32\CRYPT32.dll
0x000007fefcdb0000 - 0x000007fefcdbf000 	C:\Windows\system32\MSASN1.dll
0x000007fefc720000 - 0x000007fefc76e000 	C:\Windows\system32\ncrypt.dll
0x000007fefc6f0000 - 0x000007fefc712000 	C:\Windows\system32\bcrypt.dll
0x000007fefc5a0000 - 0x000007fefc5b7000 	C:\Windows\system32\CRYPTSP.dll
0x000007fefc2a0000 - 0x000007fefc2e7000 	C:\Windows\system32\rsaenh.dll
0x000007fefc060000 - 0x000007fefc07e000 	C:\Windows\system32\USERENV.dll
0x000007fefcc00000 - 0x000007fefcc0f000 	C:\Windows\system32\CRYPTBASE.dll
0x000007fefa3e0000 - 0x000007fefa3f8000 	C:\Windows\system32\dhcpcsvc.DLL
0x000007fefa3c0000 - 0x000007fefa3d1000 	C:\Windows\system32\dhcpcsvc6.DLL

dbghelp: loaded successfully - version: 4.0.5 - missing functions: none
symbol engine: initialized successfully - sym options: 0x614 - pdb path: .;C:\Users\Next\.p2\pool\plugins\org.eclipse.justj.openjdk.hotspot.jre.full.win32.x86_64_16.0.1.v20210528-1205\jre\bin;C:\Windows\SYSTEM32;C:\Windows\WinSxS\amd64_microsoft.windows.common-controls_6595b64144ccf1df_6.0.7601.17514_none_fa396087175ac9ac;C:\Users\Next\.p2\pool\plugins\org.eclipse.justj.openjdk.hotspot.jre.full.win32.x86_64_16.0.1.v20210528-1205\jre\bin\server

VM Arguments:
jvm_args: -XX:+ShowCodeDetailsInExceptionMessages -agentlib:jdwp=transport=dt_socket,suspend=y,address=localhost:50291 -javaagent:C:\Users\Next\eclipse\jee-2021-06\eclipse\configuration\org.eclipse.osgi\415\0\.cp\lib\javaagent-shaded.jar -Dfile.encoding=UTF-8 
java_command: com.bridgelabz.addressbookdb.AddressBookMainClass
java_class_path (initial): C:\Users\Next\eclipse-workspace\addressbookdb\target\classes;C:\Users\Next\.m2\repository\com\opencsv\opencsv\4.4\opencsv-4.4.jar;C:\Users\Next\.m2\repository\org\apache\commons\commons-lang3\3.8.1\commons-lang3-3.8.1.jar;C:\Users\Next\.m2\repository\org\apache\commons\commons-text\1.3\commons-text-1.3.jar;C:\Users\Next\.m2\repository\commons-beanutils\commons-beanutils\1.9.3\commons-beanutils-1.9.3.jar;C:\Users\Next\.m2\repository\commons-logging\commons-logging\1.2\commons-logging-1.2.jar;C:\Users\Next\.m2\repository\commons-collections\commons-collections\3.2.2\commons-collections-3.2.2.jar;C:\Users\Next\.m2\repository\org\apache\commons\commons-collections4\4.2\commons-collections4-4.2.jar;C:\Users\Next\.m2\repository\com\google\code\gson\gson\2.8.6\gson-2.8.6.jar;C:\Users\Next\.m2\repository\mysql\mysql-connector-java\5.1.46\mysql-connector-java-5.1.46.jar
Launcher Type: SUN_STANDARD

[Global flags]
     intx CICompilerCount                          = 3                                         {product} {ergonomic}
     uint ConcGCThreads                            = 1                                         {product} {ergonomic}
     uint G1ConcRefinementThreads                  = 4                                         {product} {ergonomic}
   size_t G1HeapRegionSize                         = 1048576                                   {product} {ergonomic}
    uintx GCDrainStackTargetSize                   = 64                                        {product} {ergonomic}
   size_t InitialHeapSize                          = 134217728                                 {product} {ergonomic}
   size_t MarkStackSize                            = 4194304                                   {product} {ergonomic}
   size_t MaxHeapSize                              = 2126512128                                {product} {ergonomic}
   size_t MaxNewSize                               = 1275068416                                {product} {ergonomic}
   size_t MinHeapDeltaBytes                        = 1048576                                   {product} {ergonomic}
   size_t MinHeapSize                              = 8388608                                   {product} {ergonomic}
    uintx NonNMethodCodeHeapSize                   = 5832780                                {pd product} {ergonomic}
    uintx NonProfiledCodeHeapSize                  = 122912730                              {pd product} {ergonomic}
    uintx ProfiledCodeHeapSize                     = 122912730                              {pd product} {ergonomic}
    uintx ReservedCodeCacheSize                    = 251658240                              {pd product} {ergonomic}
     bool SegmentedCodeCache                       = true                                      {product} {ergonomic}
     bool ShowCodeDetailsInExceptionMessages       = true                                   {manageable} {command line}
   size_t SoftMaxHeapSize                          = 2126512128                             {manageable} {ergonomic}
     bool UseCompressedClassPointers               = true                           {product lp64_product} {ergonomic}
     bool UseCompressedOops                        = true                           {product lp64_product} {ergonomic}
     bool UseG1GC                                  = true                                      {product} {ergonomic}
     bool UseLargePagesIndividualAllocation        = false                                  {pd product} {ergonomic}

Logging:
Log output configuration:
 #0: stdout all=warning uptime,level,tags
 #1: stderr all=off uptime,level,tags

Environment Variables:
JAVA_HOME=C:\Program Files\Java\jdk1.8.0_261
PATH=C:\Users\Next\.p2\pool\plugins\org.eclipse.justj.openjdk.hotspot.jre.full.win32.x86_64_16.0.1.v20210528-1205\jre\bin;C:/Users/Next/.p2/pool/plugins/org.eclipse.justj.openjdk.hotspot.jre.full.win32.x86_64_16.0.1.v20210528-1205/jre/bin/server;C:/Users/Next/.p2/pool/plugins/org.eclipse.justj.openjdk.hotspot.jre.full.win32.x86_64_16.0.1.v20210528-1205/jre/bin;C:\Program Files (x86)\Common Files\Oracle\Java\javapath;C:\Windows\system32;C:\Windows;C:\Windows\System32\Wbem;C:\Windows\System32\WindowsPowerShell\v1.0\;C:\Program Files\Redis\;C:\Program Files\Java\jdk1.8.0_261\bin;C:\Users\Next\AppData\Roaming\nvm;C:\Program Files\nodejs;C:\Program Files\MySQL\MySQL Shell 8.0\bin\;C:\Users\Next\AppData\Local\Programs\Microsoft VS Code\bin;C:\Users\Next\AppData\Roaming\nvm;C:\Program Files\nodejs;C:\Program Files\JetBrains\IntelliJ IDEA Community Edition 2021.2.1\bin;;C:\Program Files (x86)\GitHub CLI\;C:\Users\Next\Desktop;
USERNAME=Next
OS=Windows_NT
PROCESSOR_IDENTIFIER=Intel64 Family 6 Model 61 Stepping 4, GenuineIntel



---------------  S Y S T E M  ---------------

OS:
 Windows 7 , 64 bit Build 7601 (6.1.7601.17617)
OS uptime: 0 days 12:54 hours

CPU: total 4 (initial active 4) (2 cores per cpu, 2 threads per core) family 6 model 61 stepping 4 microcode 0x0, cx8, cmov, fxsr, ht, mmx, 3dnowpref, sse, sse2, sse3, ssse3, sse4.1, sse4.2, popcnt, lzcnt, tsc, tscinvbit, avx, avx2, aes, erms, clmul, bmi1, bmi2, adx, fma, vzeroupper, clflush

Memory: 4k page, system-wide physical 8111M (856M free)
TotalPageFile size 16462M (AvailPageFile size 1680M)
current process WorkingSet (physical memory assigned to process): 86M, peak: 88M
current process commit charge ("private bytes"): 225M, peak: 228M

vm_info: OpenJDK 64-Bit Server VM (16.0.1+9-24) for windows-amd64 JRE (16.0.1+9-24), built on Mar 26 2021 19:30:07 by "mach5one" with MS VC++ 16.7 (VS2019)

END.
