#
# A fatal error has been detected by the Java Runtime Environment:
#
#  EXCEPTION_ACCESS_VIOLATION (0xc0000005) at pc=0x000007fecd2fc213, pid=9792, tid=7828
#
# JRE version: OpenJDK Runtime Environment (16.0.1+9) (build 16.0.1+9-24)
# Java VM: OpenJDK 64-Bit Server VM (16.0.1+9-24, mixed mode, tiered, compressed oops, compressed class ptrs, g1 gc, windows-amd64)
# Problematic frame:
# V  [jvm.dll+0x32c213]
#
# No core dump will be written. Minidumps are not enabled by default on client versions of Windows
#
# If you would like to submit a bug report, please visit:
#   https://bugreport.java.com/bugreport/crash.jsp
#

---------------  S U M M A R Y ------------

Command Line: -XX:+ShowCodeDetailsInExceptionMessages -agentlib:jdwp=transport=dt_socket,suspend=y,address=localhost:65097 -javaagent:C:\Users\Next\eclipse\jee-2021-06\eclipse\configuration\org.eclipse.osgi\415\0\.cp\lib\javaagent-shaded.jar -Dfile.encoding=UTF-8 com.bridgelabz.addressbookdb.AddressBookMainClass

Host: Intel(R) Core(TM) i3-5005U CPU @ 2.00GHz, 4 cores, 7G,  Windows 7 , 64 bit Build 7601 (6.1.7601.17617)
Time: Tue Oct  5 01:32:13 2021 India Standard Time elapsed time: 4730.770835 seconds (0d 1h 18m 50s)

---------------  T H R E A D  ---------------

Current thread (0x000000001cae4280):  VMThread "VM Thread" [stack: 0x000000005d480000,0x000000005d580000] [id=7828]

Stack: [0x000000005d480000,0x000000005d580000],  sp=0x000000005d57f2b0,  free space=1020k
Native frames: (J=compiled Java code, j=interpreted, Vv=VM code, C=native code)
V  [jvm.dll+0x32c213]
V  [jvm.dll+0x330097]
V  [jvm.dll+0x33048f]
V  [jvm.dll+0x32c613]
V  [jvm.dll+0x6572ce]
V  [jvm.dll+0x656fd3]
V  [jvm.dll+0x61c848]
V  [jvm.dll+0x7c1e55]
V  [jvm.dll+0x520b76]
V  [jvm.dll+0x7d05eb]
V  [jvm.dll+0x7d12e4]
V  [jvm.dll+0x7d17e9]
V  [jvm.dll+0x7d1aa4]
V  [jvm.dll+0x7d1b70]
V  [jvm.dll+0x779b4a]
V  [jvm.dll+0x667666]
C  [ucrtbase.DLL+0x1d912]
C  [kernel32.dll+0x1652d]
C  [ntdll.dll+0x2c521]


siginfo: EXCEPTION_ACCESS_VIOLATION (0xc0000005), reading address 0xffffffffffffffff


Register to memory mapping:

RIP=0x000007fecd2fc213 jvm.dll
RAX=0x000000001cbaa0e0 points into unknown readable memory: 0x0000000000000001 | 01 00 00 00 00 00 00 00
RBX=0x000000005d57f480 points into unknown readable memory: 0x000007fecd9021f8 | f8 21 90 cd fe 07 00 00
RCX=0x000000005d57f4f0 points into unknown readable memory: 0x000000001cbaa0e0 | e0 a0 ba 1c 00 00 00 00
RDX=0xffffffffffffcd4c is an unknown value
RSP=0x000000005d57f2b0 points into unknown readable memory: 0x000000005e50ef80 | 80 ef 50 5e 00 00 00 00
RBP=0x000007fecd2fc1f0 jvm.dll
RSI=0x0 is NULL
RDI=0x000000005d57f480 points into unknown readable memory: 0x000007fecd9021f8 | f8 21 90 cd fe 07 00 00
R8 =0x03ffffffffffff35 is an unknown value
R9 =0x000000000000000c is an unknown value
R10=0x000007feccfd0000 jvm.dll
R11=0x0 is NULL
R12=0x00000000000083b0 is an unknown value
R13=0x0000000000000001 is an unknown value
R14=0x000000000000032c is an unknown value
R15=0x000000005f049ce4 is pointing into metadata


Registers:
RAX=0x000000001cbaa0e0, RBX=0x000000005d57f480, RCX=0x000000005d57f4f0, RDX=0xffffffffffffcd4c
RSP=0x000000005d57f2b0, RBP=0x000007fecd2fc1f0, RSI=0x0000000000000000, RDI=0x000000005d57f480
R8 =0x03ffffffffffff35, R9 =0x000000000000000c, R10=0x000007feccfd0000, R11=0x0000000000000000
R12=0x00000000000083b0, R13=0x0000000000000001, R14=0x000000000000032c, R15=0x000000005f049ce4
RIP=0x000007fecd2fc213, EFLAGS=0x0000000000010a06

Top of Stack: (sp=0x000000005d57f2b0)
0x000000005d57f2b0:   000000005e50ef80 000007fecdbde70c
0x000000005d57f2c0:   000000005f049f1a 000007fecd312284
0x000000005d57f2d0:   000000005d57f350 000007fecd300097
0x000000005d57f2e0:   000000005d57f350 000000001cae4280
0x000000005d57f2f0:   000000005d57f350 000007fecd0f52ae
0x000000005d57f300:   000000005f0499d0 00000000000000aa
0x000000005d57f310:   000000005f049ce4 00000000000000a7
0x000000005d57f320:   00000000000000a7 000007fecd30048f
0x000000005d57f330:   000000005d57f480 000000005d57f380
0x000000005d57f340:   000000000000032c 000000005d57f380
0x000000005d57f350:   000000005f049f18 000000001cae4280
0x000000005d57f360:   0000032f0000032c 000000a700000345
0x000000005d57f370:   0000034500000000 ffffffff000000a7
0x000000005d57f380:   0000000000000000 000007fecdae0980
0x000000005d57f390:   00000000000083b0 000000001cbaa090
0x000000005d57f3a0:   000000001cae4280 000007fecd2fc613 

Instructions: (pc=0x000007fecd2fc213)
0x000007fecd2fc113:   4c 63 fa 48 8b f1 48 85 db 74 13 66 90 39 3b 0f
0x000007fecd2fc123:   84 a6 00 00 00 48 8b 5b 10 48 85 db 75 ef 33 d2
0x000007fecd2fc133:   8d 4a 18 e8 35 31 39 00 48 8b d8 48 85 c0 0f 84
0x000007fecd2fc143:   82 00 00 00 33 d2 4c 89 74 24 50 4c 8b 36 89 38
0x000007fecd2fc153:   8d 4a 18 e8 15 31 39 00 48 8b f8 48 85 c0 74 55
0x000007fecd2fc163:   48 89 6c 24 48 ba 08 00 00 00 8b 2d d5 5d 74 00
0x000007fecd2fc173:   8b cd e8 b6 5a 01 00 c7 07 00 00 00 00 89 6f 04
0x000007fecd2fc183:   48 89 47 08 85 ed 7e 11 44 8b c5 33 d2 49 c1 e0
0x000007fecd2fc193:   03 48 8b c8 e8 56 96 4f 00 48 8b 6c 24 48 48 c7
0x000007fecd2fc1a3:   47 10 00 00 00 00 4c 89 73 10 4c 8b 74 24 50 48
0x000007fecd2fc1b3:   89 7b 08 eb 13 33 ff 4c 89 73 10 4c 8b 74 24 50
0x000007fecd2fc1c3:   48 89 7b 08 eb 02 33 db 48 89 1e 48 8b 4b 08 48
0x000007fecd2fc1d3:   8d 54 24 40 4c 89 7c 24 40 e8 1f e5 cd ff 48 8b
0x000007fecd2fc1e3:   5c 24 58 48 83 c4 20 41 5f 5f 5e c3 cc 40 53 48
0x000007fecd2fc1f3:   83 ec 20 48 63 d2 48 8b d9 0f b6 c2 48 83 c1 70
0x000007fecd2fc203:   24 3f 4c 8b c2 44 0f b6 c8 49 c1 e8 06 48 8b 01
0x000007fecd2fc213:   4e 8b 04 c0 4d 0f a3 c8 72 0b 41 b0 01 e8 bb e3
0x000007fecd2fc223:   de ff ff 43 6c 48 83 c4 20 5b c3 cc cc 8b c2 4c
0x000007fecd2fc233:   8b d1 41 33 c0 a9 00 00 00 f0 0f 84 ca 00 00 00
0x000007fecd2fc243:   44 8b ca 8b c2 41 c1 e9 1d b9 72 00 00 00 41 80
0x000007fecd2fc253:   e1 01 c1 e8 1e 44 8d 59 ae a8 01 74 1a 45 84 c9
0x000007fecd2fc263:   75 0d c1 ea 1c f6 c2 01 75 05 44 8b c9 eb 35 41
0x000007fecd2fc273:   b9 23 00 00 00 eb 2d 45 84 c9 74 08 41 b9 76 00
0x000007fecd2fc283:   00 00 eb 20 8b c2 c1 e8 1c a8 01 74 08 41 b9 70
0x000007fecd2fc293:   00 00 00 eb 0f c1 ea 1f 41 b9 40 00 00 00 84 d2
0x000007fecd2fc2a3:   45 0f 45 cb 41 8b d0 41 8b c0 c1 ea 1d 80 e2 01
0x000007fecd2fc2b3:   c1 e8 1e a8 01 74 15 84 d2 75 0a 41 c1 e8 1c 41
0x000007fecd2fc2c3:   f6 c0 01 74 33 b9 23 00 00 00 eb 2c 84 d2 74 07
0x000007fecd2fc2d3:   b9 76 00 00 00 eb 21 41 8b c0 c1 e8 1c a8 01 74
0x000007fecd2fc2e3:   07 b9 70 00 00 00 eb 10 41 c1 e8 1f b9 40 00 00
0x000007fecd2fc2f3:   00 45 84 c0 41 0f 45 cb 44 8b c1 48 8d 15 a3 12
0x000007fecd2fc303:   5c 00 49 8b ca e9 d3 56 00 00 c3 cc cc 40 53 48 


Stack slot to memory mapping:
stack at sp + 0 slots: 0x000000005e50ef80 points into unknown readable memory: 0x000000005f049f18 | 18 9f 04 5f 00 00 00 00
stack at sp + 1 slots: 0x000007fecdbde70c ucrtbase.DLL
stack at sp + 2 slots: 0x000000005f049f1a is pointing into metadata
stack at sp + 3 slots: 0x000007fecd312284 jvm.dll
stack at sp + 4 slots: 0x000000005d57f350 points into unknown readable memory: 0x000000005f049f18 | 18 9f 04 5f 00 00 00 00
stack at sp + 5 slots: 0x000007fecd300097 jvm.dll
stack at sp + 6 slots: 0x000000005d57f350 points into unknown readable memory: 0x000000005f049f18 | 18 9f 04 5f 00 00 00 00
stack at sp + 7 slots: 0x000000001cae4280 points into unknown readable memory: 0x000007fecd93f638 | 38 f6 93 cd fe 07 00 00

VM_Operation (0x000000005e96f5c0): get/set locals, mode: safepoint, requested by thread 0x000000005e2916a0


---------------  P R O C E S S  ---------------

Threads class SMR info:
_java_thread_list=0x000000005e4bd5f0, length=15, elements={
0x0000000000105ad0, 0x000000001caf1990, 0x000000001caf3600, 0x000000001cb292d0,
0x000000001cb2ad40, 0x000000001cb2c210, 0x000000001cb31ba0, 0x000000001cb38060,
0x000000001cb39230, 0x000000001cb49770, 0x000000001cbe05d0, 0x000000005e2916a0,
0x000000005e2efa00, 0x000000005e3670f0, 0x000000005e4a3fc0
}

Java Threads: ( => current thread )
  0x0000000000105ad0 JavaThread "main" [_thread_blocked, id=6096, stack(0x0000000002100000,0x0000000002200000)]
  0x000000001caf1990 JavaThread "Reference Handler" daemon [_thread_blocked, id=3184, stack(0x000000005d630000,0x000000005d730000)]
  0x000000001caf3600 JavaThread "Finalizer" daemon [_thread_blocked, id=7664, stack(0x000000005d860000,0x000000005d960000)]
  0x000000001cb292d0 JavaThread "Signal Dispatcher" daemon [_thread_blocked, id=5760, stack(0x000000005d760000,0x000000005d860000)]
  0x000000001cb2ad40 JavaThread "Attach Listener" daemon [_thread_blocked, id=3876, stack(0x000000005db10000,0x000000005dc10000)]
  0x000000001cb2c210 JavaThread "Service Thread" daemon [_thread_blocked, id=7140, stack(0x000000005dc40000,0x000000005dd40000)]
  0x000000001cb31ba0 JavaThread "Monitor Deflation Thread" daemon [_thread_blocked, id=9896, stack(0x000000001c7e0000,0x000000001c8e0000)]
  0x000000001cb38060 JavaThread "C2 CompilerThread0" daemon [_thread_blocked, id=10188, stack(0x000000005dd50000,0x000000005de50000)]
  0x000000001cb39230 JavaThread "C1 CompilerThread0" daemon [_thread_blocked, id=1048, stack(0x000000005da00000,0x000000005db00000)]
  0x000000001cb49770 JavaThread "Sweeper thread" daemon [_thread_blocked, id=6120, stack(0x000000005e010000,0x000000005e110000)]
  0x000000001cbe05d0 JavaThread "Common-Cleaner" daemon [_thread_blocked, id=9960, stack(0x000000005df10000,0x000000005e010000)]
  0x000000005e2916a0 JavaThread "JDWP Transport Listener: dt_socket" daemon [_thread_blocked, id=9364, stack(0x000000005e870000,0x000000005e970000)]
  0x000000005e2efa00 JavaThread "JDWP Event Helper Thread" daemon [_thread_blocked, id=2868, stack(0x000000005ea40000,0x000000005eb40000)]
  0x000000005e3670f0 JavaThread "JDWP Command Reader" daemon [_thread_in_native, id=7652, stack(0x000000005eb90000,0x000000005ec90000)]
  0x000000005e4a3fc0 JavaThread "Notification Thread" daemon [_thread_blocked, id=9244, stack(0x000000005edb0000,0x000000005eeb0000)]

Other Threads:
=>0x000000001cae4280 VMThread "VM Thread" [stack: 0x000000005d480000,0x000000005d580000] [id=7828]
  0x000000005e3ee1e0 WatcherThread [stack: 0x00000000600f0000,0x00000000601f0000] [id=6272]
  0x000000000014d5e0 GCTaskThread "GC Thread#0" [stack: 0x0000000019ca0000,0x0000000019da0000] [id=4776]
  0x000000000015ebb0 ConcurrentGCThread "G1 Main Marker" [stack: 0x0000000019f20000,0x000000001a020000] [id=4956]
  0x000000000015f5b0 ConcurrentGCThread "G1 Conc#0" [stack: 0x000000001a150000,0x000000001a250000] [id=8104]
  0x000000001c4b2480 ConcurrentGCThread "G1 Refine#0" [stack: 0x000000001c6c0000,0x000000001c7c0000] [id=9212]
  0x000000001c4b58d0 ConcurrentGCThread "G1 Service" [stack: 0x000000001c8f0000,0x000000001c9f0000] [id=1204]

Threads with active compile tasks:

VM state: at safepoint (normal execution)

VM Mutex/Monitor currently owned by a thread:  ([mutex/lock_event])
[0x00000000001017e0] Threads_lock - owner thread: 0x000000001cae4280

Heap address: 0x0000000081400000, size: 2028 MB, Compressed Oops mode: 32-bit

CDS disabled.
Compressed class space mapped at: 0x000000001cc00000-0x000000005cc00000, reserved size: 1073741824
Narrow klass base: 0x0000000000000000, Narrow klass shift: 0, Narrow klass range: 0x5cc00000

GC Precious Log:
 CPUs: 4 total, 4 available
 Memory: 8111M
 Large Page Support: Disabled
 NUMA Support: Disabled
 Compressed Oops: Enabled (32-bit)
 Heap Region Size: 1M
 Heap Min Capacity: 8M
 Heap Initial Capacity: 128M
 Heap Max Capacity: 2028M
 Pre-touch: Disabled
 Parallel Workers: 4
 Concurrent Workers: 1
 Concurrent Refinement Workers: 4
 Periodic GC: Disabled

Heap:
 garbage-first heap   total 131072K, used 7168K [0x0000000081400000, 0x0000000100000000)
  region size 1024K, 9 young (9216K), 0 survivors (0K)
 Metaspace       used 10464K, committed 10624K, reserved 1064960K
  class space    used 873K, committed 960K, reserved 1048576K

Heap Regions: E=young(eden), S=young(survivor), O=old, HS=humongous(starts), HC=humongous(continues), CS=collection set, F=free, OA=open archive, CA=closed archive, TAMS=top-at-mark-start (previous, next)
|   0|0x0000000081400000, 0x0000000081400000, 0x0000000081500000|  0%| F|  |TAMS 0x0000000081400000, 0x0000000081400000| Untracked 
|   1|0x0000000081500000, 0x0000000081500000, 0x0000000081600000|  0%| F|  |TAMS 0x0000000081500000, 0x0000000081500000| Untracked 
|   2|0x0000000081600000, 0x0000000081600000, 0x0000000081700000|  0%| F|  |TAMS 0x0000000081600000, 0x0000000081600000| Untracked 
|   3|0x0000000081700000, 0x0000000081700000, 0x0000000081800000|  0%| F|  |TAMS 0x0000000081700000, 0x0000000081700000| Untracked 
|   4|0x0000000081800000, 0x0000000081800000, 0x0000000081900000|  0%| F|  |TAMS 0x0000000081800000, 0x0000000081800000| Untracked 
|   5|0x0000000081900000, 0x0000000081900000, 0x0000000081a00000|  0%| F|  |TAMS 0x0000000081900000, 0x0000000081900000| Untracked 
|   6|0x0000000081a00000, 0x0000000081a00000, 0x0000000081b00000|  0%| F|  |TAMS 0x0000000081a00000, 0x0000000081a00000| Untracked 
|   7|0x0000000081b00000, 0x0000000081b00000, 0x0000000081c00000|  0%| F|  |TAMS 0x0000000081b00000, 0x0000000081b00000| Untracked 
|   8|0x0000000081c00000, 0x0000000081c00000, 0x0000000081d00000|  0%| F|  |TAMS 0x0000000081c00000, 0x0000000081c00000| Untracked 
|   9|0x0000000081d00000, 0x0000000081d00000, 0x0000000081e00000|  0%| F|  |TAMS 0x0000000081d00000, 0x0000000081d00000| Untracked 
|  10|0x0000000081e00000, 0x0000000081e00000, 0x0000000081f00000|  0%| F|  |TAMS 0x0000000081e00000, 0x0000000081e00000| Untracked 
|  11|0x0000000081f00000, 0x0000000081f00000, 0x0000000082000000|  0%| F|  |TAMS 0x0000000081f00000, 0x0000000081f00000| Untracked 
|  12|0x0000000082000000, 0x0000000082000000, 0x0000000082100000|  0%| F|  |TAMS 0x0000000082000000, 0x0000000082000000| Untracked 
|  13|0x0000000082100000, 0x0000000082100000, 0x0000000082200000|  0%| F|  |TAMS 0x0000000082100000, 0x0000000082100000| Untracked 
|  14|0x0000000082200000, 0x0000000082200000, 0x0000000082300000|  0%| F|  |TAMS 0x0000000082200000, 0x0000000082200000| Untracked 
|  15|0x0000000082300000, 0x0000000082300000, 0x0000000082400000|  0%| F|  |TAMS 0x0000000082300000, 0x0000000082300000| Untracked 
|  16|0x0000000082400000, 0x0000000082400000, 0x0000000082500000|  0%| F|  |TAMS 0x0000000082400000, 0x0000000082400000| Untracked 
|  17|0x0000000082500000, 0x0000000082500000, 0x0000000082600000|  0%| F|  |TAMS 0x0000000082500000, 0x0000000082500000| Untracked 
|  18|0x0000000082600000, 0x0000000082600000, 0x0000000082700000|  0%| F|  |TAMS 0x0000000082600000, 0x0000000082600000| Untracked 
|  19|0x0000000082700000, 0x0000000082700000, 0x0000000082800000|  0%| F|  |TAMS 0x0000000082700000, 0x0000000082700000| Untracked 
|  20|0x0000000082800000, 0x0000000082800000, 0x0000000082900000|  0%| F|  |TAMS 0x0000000082800000, 0x0000000082800000| Untracked 
|  21|0x0000000082900000, 0x0000000082900000, 0x0000000082a00000|  0%| F|  |TAMS 0x0000000082900000, 0x0000000082900000| Untracked 
|  22|0x0000000082a00000, 0x0000000082a00000, 0x0000000082b00000|  0%| F|  |TAMS 0x0000000082a00000, 0x0000000082a00000| Untracked 
|  23|0x0000000082b00000, 0x0000000082b00000, 0x0000000082c00000|  0%| F|  |TAMS 0x0000000082b00000, 0x0000000082b00000| Untracked 
|  24|0x0000000082c00000, 0x0000000082c00000, 0x0000000082d00000|  0%| F|  |TAMS 0x0000000082c00000, 0x0000000082c00000| Untracked 
|  25|0x0000000082d00000, 0x0000000082d00000, 0x0000000082e00000|  0%| F|  |TAMS 0x0000000082d00000, 0x0000000082d00000| Untracked 
|  26|0x0000000082e00000, 0x0000000082e00000, 0x0000000082f00000|  0%| F|  |TAMS 0x0000000082e00000, 0x0000000082e00000| Untracked 
|  27|0x0000000082f00000, 0x0000000082f00000, 0x0000000083000000|  0%| F|  |TAMS 0x0000000082f00000, 0x0000000082f00000| Untracked 
|  28|0x0000000083000000, 0x0000000083000000, 0x0000000083100000|  0%| F|  |TAMS 0x0000000083000000, 0x0000000083000000| Untracked 
|  29|0x0000000083100000, 0x0000000083100000, 0x0000000083200000|  0%| F|  |TAMS 0x0000000083100000, 0x0000000083100000| Untracked 
|  30|0x0000000083200000, 0x0000000083200000, 0x0000000083300000|  0%| F|  |TAMS 0x0000000083200000, 0x0000000083200000| Untracked 
|  31|0x0000000083300000, 0x0000000083300000, 0x0000000083400000|  0%| F|  |TAMS 0x0000000083300000, 0x0000000083300000| Untracked 
|  32|0x0000000083400000, 0x0000000083400000, 0x0000000083500000|  0%| F|  |TAMS 0x0000000083400000, 0x0000000083400000| Untracked 
|  33|0x0000000083500000, 0x0000000083500000, 0x0000000083600000|  0%| F|  |TAMS 0x0000000083500000, 0x0000000083500000| Untracked 
|  34|0x0000000083600000, 0x0000000083600000, 0x0000000083700000|  0%| F|  |TAMS 0x0000000083600000, 0x0000000083600000| Untracked 
|  35|0x0000000083700000, 0x0000000083700000, 0x0000000083800000|  0%| F|  |TAMS 0x0000000083700000, 0x0000000083700000| Untracked 
|  36|0x0000000083800000, 0x0000000083800000, 0x0000000083900000|  0%| F|  |TAMS 0x0000000083800000, 0x0000000083800000| Untracked 
|  37|0x0000000083900000, 0x0000000083900000, 0x0000000083a00000|  0%| F|  |TAMS 0x0000000083900000, 0x0000000083900000| Untracked 
|  38|0x0000000083a00000, 0x0000000083a00000, 0x0000000083b00000|  0%| F|  |TAMS 0x0000000083a00000, 0x0000000083a00000| Untracked 
|  39|0x0000000083b00000, 0x0000000083b00000, 0x0000000083c00000|  0%| F|  |TAMS 0x0000000083b00000, 0x0000000083b00000| Untracked 
|  40|0x0000000083c00000, 0x0000000083c00000, 0x0000000083d00000|  0%| F|  |TAMS 0x0000000083c00000, 0x0000000083c00000| Untracked 
|  41|0x0000000083d00000, 0x0000000083d00000, 0x0000000083e00000|  0%| F|  |TAMS 0x0000000083d00000, 0x0000000083d00000| Untracked 
|  42|0x0000000083e00000, 0x0000000083e00000, 0x0000000083f00000|  0%| F|  |TAMS 0x0000000083e00000, 0x0000000083e00000| Untracked 
|  43|0x0000000083f00000, 0x0000000083f00000, 0x0000000084000000|  0%| F|  |TAMS 0x0000000083f00000, 0x0000000083f00000| Untracked 
|  44|0x0000000084000000, 0x0000000084000000, 0x0000000084100000|  0%| F|  |TAMS 0x0000000084000000, 0x0000000084000000| Untracked 
|  45|0x0000000084100000, 0x0000000084100000, 0x0000000084200000|  0%| F|  |TAMS 0x0000000084100000, 0x0000000084100000| Untracked 
|  46|0x0000000084200000, 0x0000000084200000, 0x0000000084300000|  0%| F|  |TAMS 0x0000000084200000, 0x0000000084200000| Untracked 
|  47|0x0000000084300000, 0x0000000084300000, 0x0000000084400000|  0%| F|  |TAMS 0x0000000084300000, 0x0000000084300000| Untracked 
|  48|0x0000000084400000, 0x0000000084400000, 0x0000000084500000|  0%| F|  |TAMS 0x0000000084400000, 0x0000000084400000| Untracked 
|  49|0x0000000084500000, 0x0000000084500000, 0x0000000084600000|  0%| F|  |TAMS 0x0000000084500000, 0x0000000084500000| Untracked 
|  50|0x0000000084600000, 0x0000000084600000, 0x0000000084700000|  0%| F|  |TAMS 0x0000000084600000, 0x0000000084600000| Untracked 
|  51|0x0000000084700000, 0x0000000084700000, 0x0000000084800000|  0%| F|  |TAMS 0x0000000084700000, 0x0000000084700000| Untracked 
|  52|0x0000000084800000, 0x0000000084800000, 0x0000000084900000|  0%| F|  |TAMS 0x0000000084800000, 0x0000000084800000| Untracked 
|  53|0x0000000084900000, 0x0000000084900000, 0x0000000084a00000|  0%| F|  |TAMS 0x0000000084900000, 0x0000000084900000| Untracked 
|  54|0x0000000084a00000, 0x0000000084a00000, 0x0000000084b00000|  0%| F|  |TAMS 0x0000000084a00000, 0x0000000084a00000| Untracked 
|  55|0x0000000084b00000, 0x0000000084b00000, 0x0000000084c00000|  0%| F|  |TAMS 0x0000000084b00000, 0x0000000084b00000| Untracked 
|  56|0x0000000084c00000, 0x0000000084c00000, 0x0000000084d00000|  0%| F|  |TAMS 0x0000000084c00000, 0x0000000084c00000| Untracked 
|  57|0x0000000084d00000, 0x0000000084d00000, 0x0000000084e00000|  0%| F|  |TAMS 0x0000000084d00000, 0x0000000084d00000| Untracked 
|  58|0x0000000084e00000, 0x0000000084e00000, 0x0000000084f00000|  0%| F|  |TAMS 0x0000000084e00000, 0x0000000084e00000| Untracked 
|  59|0x0000000084f00000, 0x0000000084f00000, 0x0000000085000000|  0%| F|  |TAMS 0x0000000084f00000, 0x0000000084f00000| Untracked 
|  60|0x0000000085000000, 0x0000000085000000, 0x0000000085100000|  0%| F|  |TAMS 0x0000000085000000, 0x0000000085000000| Untracked 
|  61|0x0000000085100000, 0x0000000085100000, 0x0000000085200000|  0%| F|  |TAMS 0x0000000085100000, 0x0000000085100000| Untracked 
|  62|0x0000000085200000, 0x0000000085200000, 0x0000000085300000|  0%| F|  |TAMS 0x0000000085200000, 0x0000000085200000| Untracked 
|  63|0x0000000085300000, 0x0000000085300000, 0x0000000085400000|  0%| F|  |TAMS 0x0000000085300000, 0x0000000085300000| Untracked 
|  64|0x0000000085400000, 0x0000000085400000, 0x0000000085500000|  0%| F|  |TAMS 0x0000000085400000, 0x0000000085400000| Untracked 
|  65|0x0000000085500000, 0x0000000085500000, 0x0000000085600000|  0%| F|  |TAMS 0x0000000085500000, 0x0000000085500000| Untracked 
|  66|0x0000000085600000, 0x0000000085600000, 0x0000000085700000|  0%| F|  |TAMS 0x0000000085600000, 0x0000000085600000| Untracked 
|  67|0x0000000085700000, 0x0000000085700000, 0x0000000085800000|  0%| F|  |TAMS 0x0000000085700000, 0x0000000085700000| Untracked 
|  68|0x0000000085800000, 0x0000000085800000, 0x0000000085900000|  0%| F|  |TAMS 0x0000000085800000, 0x0000000085800000| Untracked 
|  69|0x0000000085900000, 0x0000000085900000, 0x0000000085a00000|  0%| F|  |TAMS 0x0000000085900000, 0x0000000085900000| Untracked 
|  70|0x0000000085a00000, 0x0000000085a00000, 0x0000000085b00000|  0%| F|  |TAMS 0x0000000085a00000, 0x0000000085a00000| Untracked 
|  71|0x0000000085b00000, 0x0000000085b00000, 0x0000000085c00000|  0%| F|  |TAMS 0x0000000085b00000, 0x0000000085b00000| Untracked 
|  72|0x0000000085c00000, 0x0000000085c00000, 0x0000000085d00000|  0%| F|  |TAMS 0x0000000085c00000, 0x0000000085c00000| Untracked 
|  73|0x0000000085d00000, 0x0000000085d00000, 0x0000000085e00000|  0%| F|  |TAMS 0x0000000085d00000, 0x0000000085d00000| Untracked 
|  74|0x0000000085e00000, 0x0000000085e00000, 0x0000000085f00000|  0%| F|  |TAMS 0x0000000085e00000, 0x0000000085e00000| Untracked 
|  75|0x0000000085f00000, 0x0000000085f00000, 0x0000000086000000|  0%| F|  |TAMS 0x0000000085f00000, 0x0000000085f00000| Untracked 
|  76|0x0000000086000000, 0x0000000086000000, 0x0000000086100000|  0%| F|  |TAMS 0x0000000086000000, 0x0000000086000000| Untracked 
|  77|0x0000000086100000, 0x0000000086100000, 0x0000000086200000|  0%| F|  |TAMS 0x0000000086100000, 0x0000000086100000| Untracked 
|  78|0x0000000086200000, 0x0000000086200000, 0x0000000086300000|  0%| F|  |TAMS 0x0000000086200000, 0x0000000086200000| Untracked 
|  79|0x0000000086300000, 0x0000000086300000, 0x0000000086400000|  0%| F|  |TAMS 0x0000000086300000, 0x0000000086300000| Untracked 
|  80|0x0000000086400000, 0x0000000086400000, 0x0000000086500000|  0%| F|  |TAMS 0x0000000086400000, 0x0000000086400000| Untracked 
|  81|0x0000000086500000, 0x0000000086500000, 0x0000000086600000|  0%| F|  |TAMS 0x0000000086500000, 0x0000000086500000| Untracked 
|  82|0x0000000086600000, 0x0000000086600000, 0x0000000086700000|  0%| F|  |TAMS 0x0000000086600000, 0x0000000086600000| Untracked 
|  83|0x0000000086700000, 0x0000000086700000, 0x0000000086800000|  0%| F|  |TAMS 0x0000000086700000, 0x0000000086700000| Untracked 
|  84|0x0000000086800000, 0x0000000086800000, 0x0000000086900000|  0%| F|  |TAMS 0x0000000086800000, 0x0000000086800000| Untracked 
|  85|0x0000000086900000, 0x0000000086900000, 0x0000000086a00000|  0%| F|  |TAMS 0x0000000086900000, 0x0000000086900000| Untracked 
|  86|0x0000000086a00000, 0x0000000086a00000, 0x0000000086b00000|  0%| F|  |TAMS 0x0000000086a00000, 0x0000000086a00000| Untracked 
|  87|0x0000000086b00000, 0x0000000086b00000, 0x0000000086c00000|  0%| F|  |TAMS 0x0000000086b00000, 0x0000000086b00000| Untracked 
|  88|0x0000000086c00000, 0x0000000086c00000, 0x0000000086d00000|  0%| F|  |TAMS 0x0000000086c00000, 0x0000000086c00000| Untracked 
|  89|0x0000000086d00000, 0x0000000086d00000, 0x0000000086e00000|  0%| F|  |TAMS 0x0000000086d00000, 0x0000000086d00000| Untracked 
|  90|0x0000000086e00000, 0x0000000086e00000, 0x0000000086f00000|  0%| F|  |TAMS 0x0000000086e00000, 0x0000000086e00000| Untracked 
|  91|0x0000000086f00000, 0x0000000086f00000, 0x0000000087000000|  0%| F|  |TAMS 0x0000000086f00000, 0x0000000086f00000| Untracked 
|  92|0x0000000087000000, 0x0000000087000000, 0x0000000087100000|  0%| F|  |TAMS 0x0000000087000000, 0x0000000087000000| Untracked 
|  93|0x0000000087100000, 0x0000000087100000, 0x0000000087200000|  0%| F|  |TAMS 0x0000000087100000, 0x0000000087100000| Untracked 
|  94|0x0000000087200000, 0x0000000087200000, 0x0000000087300000|  0%| F|  |TAMS 0x0000000087200000, 0x0000000087200000| Untracked 
|  95|0x0000000087300000, 0x0000000087300000, 0x0000000087400000|  0%| F|  |TAMS 0x0000000087300000, 0x0000000087300000| Untracked 
|  96|0x0000000087400000, 0x0000000087400000, 0x0000000087500000|  0%| F|  |TAMS 0x0000000087400000, 0x0000000087400000| Untracked 
|  97|0x0000000087500000, 0x0000000087500000, 0x0000000087600000|  0%| F|  |TAMS 0x0000000087500000, 0x0000000087500000| Untracked 
|  98|0x0000000087600000, 0x0000000087600000, 0x0000000087700000|  0%| F|  |TAMS 0x0000000087600000, 0x0000000087600000| Untracked 
|  99|0x0000000087700000, 0x0000000087700000, 0x0000000087800000|  0%| F|  |TAMS 0x0000000087700000, 0x0000000087700000| Untracked 
| 100|0x0000000087800000, 0x0000000087800000, 0x0000000087900000|  0%| F|  |TAMS 0x0000000087800000, 0x0000000087800000| Untracked 
| 101|0x0000000087900000, 0x0000000087900000, 0x0000000087a00000|  0%| F|  |TAMS 0x0000000087900000, 0x0000000087900000| Untracked 
| 102|0x0000000087a00000, 0x0000000087a00000, 0x0000000087b00000|  0%| F|  |TAMS 0x0000000087a00000, 0x0000000087a00000| Untracked 
| 103|0x0000000087b00000, 0x0000000087b00000, 0x0000000087c00000|  0%| F|  |TAMS 0x0000000087b00000, 0x0000000087b00000| Untracked 
| 104|0x0000000087c00000, 0x0000000087c00000, 0x0000000087d00000|  0%| F|  |TAMS 0x0000000087c00000, 0x0000000087c00000| Untracked 
| 105|0x0000000087d00000, 0x0000000087d00000, 0x0000000087e00000|  0%| F|  |TAMS 0x0000000087d00000, 0x0000000087d00000| Untracked 
| 106|0x0000000087e00000, 0x0000000087e00000, 0x0000000087f00000|  0%| F|  |TAMS 0x0000000087e00000, 0x0000000087e00000| Untracked 
| 107|0x0000000087f00000, 0x0000000087f00000, 0x0000000088000000|  0%| F|  |TAMS 0x0000000087f00000, 0x0000000087f00000| Untracked 
| 108|0x0000000088000000, 0x0000000088000000, 0x0000000088100000|  0%| F|  |TAMS 0x0000000088000000, 0x0000000088000000| Untracked 
| 109|0x0000000088100000, 0x0000000088100000, 0x0000000088200000|  0%| F|  |TAMS 0x0000000088100000, 0x0000000088100000| Untracked 
| 110|0x0000000088200000, 0x0000000088200000, 0x0000000088300000|  0%| F|  |TAMS 0x0000000088200000, 0x0000000088200000| Untracked 
| 111|0x0000000088300000, 0x0000000088300000, 0x0000000088400000|  0%| F|  |TAMS 0x0000000088300000, 0x0000000088300000| Untracked 
| 112|0x0000000088400000, 0x0000000088400000, 0x0000000088500000|  0%| F|  |TAMS 0x0000000088400000, 0x0000000088400000| Untracked 
| 113|0x0000000088500000, 0x0000000088500000, 0x0000000088600000|  0%| F|  |TAMS 0x0000000088500000, 0x0000000088500000| Untracked 
| 114|0x0000000088600000, 0x0000000088600000, 0x0000000088700000|  0%| F|  |TAMS 0x0000000088600000, 0x0000000088600000| Untracked 
| 115|0x0000000088700000, 0x0000000088700000, 0x0000000088800000|  0%| F|  |TAMS 0x0000000088700000, 0x0000000088700000| Untracked 
| 116|0x0000000088800000, 0x0000000088800000, 0x0000000088900000|  0%| F|  |TAMS 0x0000000088800000, 0x0000000088800000| Untracked 
| 117|0x0000000088900000, 0x0000000088900000, 0x0000000088a00000|  0%| F|  |TAMS 0x0000000088900000, 0x0000000088900000| Untracked 
| 118|0x0000000088a00000, 0x0000000088a00000, 0x0000000088b00000|  0%| F|  |TAMS 0x0000000088a00000, 0x0000000088a00000| Untracked 
| 119|0x0000000088b00000, 0x0000000088bddca8, 0x0000000088c00000| 86%| E|  |TAMS 0x0000000088b00000, 0x0000000088b00000| Complete 
| 120|0x0000000088c00000, 0x0000000088d00000, 0x0000000088d00000|100%| E|CS|TAMS 0x0000000088c00000, 0x0000000088c00000| Complete 
| 121|0x0000000088d00000, 0x0000000088e00000, 0x0000000088e00000|100%| E|CS|TAMS 0x0000000088d00000, 0x0000000088d00000| Complete 
| 122|0x0000000088e00000, 0x0000000088f00000, 0x0000000088f00000|100%| E|CS|TAMS 0x0000000088e00000, 0x0000000088e00000| Complete 
| 123|0x0000000088f00000, 0x0000000089000000, 0x0000000089000000|100%| E|CS|TAMS 0x0000000088f00000, 0x0000000088f00000| Complete 
| 124|0x0000000089000000, 0x0000000089100000, 0x0000000089100000|100%| E|  |TAMS 0x0000000089000000, 0x0000000089000000| Complete 
| 125|0x0000000089100000, 0x0000000089200000, 0x0000000089200000|100%| E|CS|TAMS 0x0000000089100000, 0x0000000089100000| Complete 
| 126|0x0000000089200000, 0x0000000089300000, 0x0000000089300000|100%| E|CS|TAMS 0x0000000089200000, 0x0000000089200000| Complete 
| 127|0x0000000089300000, 0x0000000089400000, 0x0000000089400000|100%| E|CS|TAMS 0x0000000089300000, 0x0000000089300000| Complete 

Card table byte_map: [0x0000000015500000,0x0000000015900000] _byte_map_base: 0x00000000150f6000

Marking Bits (Prev, Next): (CMBitMap*) 0x000000000014dbe0, (CMBitMap*) 0x000000000014dc20
 Prev Bits: [0x0000000015d00000, 0x0000000017cb0000)
 Next Bits: [0x0000000017cb0000, 0x0000000019c60000)

Polling page: 0x0000000000320000

Metaspace:

Usage:
  Non-class:      9.37 MB used.
      Class:    873.12 KB used.
       Both:     10.22 MB used.

Virtual space:
  Non-class space:       16.00 MB reserved,       9.44 MB ( 59%) committed,  2 nodes.
      Class space:        1.00 GB reserved,     960.00 KB ( <1%) committed,  1 nodes.
              Both:        1.02 GB reserved,      10.38 MB ( <1%) committed. 

Chunk freelists:
   Non-Class:  2.44 MB
       Class:  3.09 MB
        Both:  5.53 MB

MaxMetaspaceSize: 17179869184.00 GB
CompressedClassSpaceSize: 1.00 GB
 - commit_granule_bytes: 65536.
 - commit_granule_words: 8192.
 - virtual_space_node_default_size: 1048576.
 - enlarge_chunks_in_place: 1.
 - new_chunks_are_fully_committed: 0.
 - uncommit_free_chunks: 1.
 - use_allocation_guard: 0.
 - handle_deallocations: 1.


Internal statistics:

num_allocs_failed_limit: 0.
num_arena_births: 12.
num_arena_deaths: 0.
num_vsnodes_births: 3.
num_vsnodes_deaths: 0.
num_space_committed: 166.
num_space_uncommitted: 0.
num_chunks_returned_to_freelist: 0.
num_chunks_taken_from_freelist: 64.
num_chunk_merges: 0.
num_chunk_splits: 29.
num_chunks_enlarged: 22.
num_purges: 0.

CodeHeap 'non-profiled nmethods': size=120000Kb used=179Kb max_used=179Kb free=119820Kb
 bounds [0x000000000d5b0000, 0x000000000d820000, 0x0000000014ae0000]
CodeHeap 'profiled nmethods': size=120000Kb used=765Kb max_used=765Kb free=119234Kb
 bounds [0x0000000006080000, 0x00000000062f0000, 0x000000000d5b0000]
CodeHeap 'non-nmethods': size=5760Kb used=1206Kb max_used=1223Kb free=4553Kb
 bounds [0x0000000005ae0000, 0x0000000005d50000, 0x0000000006080000]
 total_blobs=961 nmethods=545 adapters=329
 compilation: enabled
              stopped_count=0, restarted_count=0
 full_count=0

Compilation events (20 events):
Event: 3900.371 Thread 0x000000001cb39230  541       3       java.lang.ref.ReferenceQueue::reallyPoll (65 bytes)
Event: 3900.371 Thread 0x000000001cb39230 nmethod 541 0x000000000613d290 code [0x000000000613d460, 0x000000000613d978]
Event: 4183.874 Thread 0x000000001cb39230  542       1       java.net.URL::getAuthority (5 bytes)
Event: 4183.875 Thread 0x000000001cb39230 nmethod 542 0x000000000d5dc110 code [0x000000000d5dc2a0, 0x000000000d5dc378]
Event: 4183.875 Thread 0x000000001cb39230  543       1       java.net.URL::getQuery (5 bytes)
Event: 4183.875 Thread 0x000000001cb39230 nmethod 543 0x000000000d5dc410 code [0x000000000d5dc5a0, 0x000000000d5dc678]
Event: 4183.875 Thread 0x000000001cb39230  545       3       org.eclipse.jdt.launching.internal.org.objectweb.asm.SymbolTable::addConstantMethodHandle (41 bytes)
Event: 4183.876 Thread 0x000000001cb39230 nmethod 545 0x000000000613da90 code [0x000000000613dc80, 0x000000000613e028]
Event: 4183.876 Thread 0x000000001cb39230  546       3       org.eclipse.jdt.launching.internal.org.objectweb.asm.SymbolTable::hash (23 bytes)
Event: 4183.876 Thread 0x000000001cb39230 nmethod 546 0x000000000613e310 code [0x000000000613e4e0, 0x000000000613e6c8]
Event: 4183.877 Thread 0x000000001cb39230  547       3       org.eclipse.jdt.launching.internal.org.objectweb.asm.SymbolTable$Entry::<init> (17 bytes)
Event: 4183.877 Thread 0x000000001cb39230 nmethod 547 0x000000000613e890 code [0x000000000613ea40, 0x000000000613ebc8]
Event: 4183.877 Thread 0x000000001cb38060  544       4       java.lang.String::checkBoundsOffCount (64 bytes)
Event: 4183.878 Thread 0x000000001cb38060 nmethod 544 0x000000000d5dc710 code [0x000000000d5dc8a0, 0x000000000d5dc958]
Event: 4391.056 Thread 0x000000001cb39230  548       3       org.eclipse.jdt.launching.internal.org.objectweb.asm.SymbolTable::addConstantDynamicOrInvokeDynamicReference (34 bytes)
Event: 4391.056 Thread 0x000000001cb39230 nmethod 548 0x000000000613ec90 code [0x000000000613ee60, 0x000000000613f0e8]
Event: 4391.056 Thread 0x000000001cb39230  549       3       org.eclipse.jdt.launching.internal.org.objectweb.asm.SymbolTable::hash (19 bytes)
Event: 4391.057 Thread 0x000000001cb39230 nmethod 549 0x000000000613f210 code [0x000000000613f3c0, 0x000000000613f558]
Event: 4427.422 Thread 0x000000001cb39230  550       1       sun.instrument.TransformerManager::getSnapshotTransformerList (5 bytes)
Event: 4427.423 Thread 0x000000001cb39230 nmethod 550 0x000000000d5dca10 code [0x000000000d5dcba0, 0x000000000d5dcc78]

GC Heap History (0 events):
No events

Deoptimization events (20 events):
Event: 0.720 Thread 0x0000000000105ad0 DEOPT PACKING pc=0x00000000060f395b sp=0x00000000021f81b0
Event: 0.720 Thread 0x0000000000105ad0 DEOPT UNPACKING pc=0x0000000005b2dece sp=0x00000000021f7618 mode 0
Event: 0.720 Thread 0x0000000000105ad0 DEOPT PACKING pc=0x00000000060f395b sp=0x00000000021f81b0
Event: 0.720 Thread 0x0000000000105ad0 DEOPT UNPACKING pc=0x0000000005b2dece sp=0x00000000021f7618 mode 0
Event: 0.724 Thread 0x0000000000105ad0 DEOPT PACKING pc=0x00000000060f395b sp=0x00000000021f81b0
Event: 0.725 Thread 0x0000000000105ad0 DEOPT UNPACKING pc=0x0000000005b2dece sp=0x00000000021f7618 mode 0
Event: 0.725 Thread 0x0000000000105ad0 DEOPT PACKING pc=0x00000000060f395b sp=0x00000000021f81b0
Event: 0.725 Thread 0x0000000000105ad0 DEOPT UNPACKING pc=0x0000000005b2dece sp=0x00000000021f7618 mode 0
Event: 0.732 Thread 0x0000000000105ad0 DEOPT PACKING pc=0x00000000060f395b sp=0x00000000021fbbe0
Event: 0.732 Thread 0x0000000000105ad0 DEOPT UNPACKING pc=0x0000000005b2dece sp=0x00000000021fb048 mode 0
Event: 0.732 Thread 0x0000000000105ad0 DEOPT PACKING pc=0x00000000060f395b sp=0x00000000021fbbe0
Event: 0.732 Thread 0x0000000000105ad0 DEOPT UNPACKING pc=0x0000000005b2dece sp=0x00000000021fb048 mode 0
Event: 0.733 Thread 0x0000000000105ad0 DEOPT PACKING pc=0x00000000060f395b sp=0x00000000021fbbe0
Event: 0.733 Thread 0x0000000000105ad0 DEOPT UNPACKING pc=0x0000000005b2dece sp=0x00000000021fb048 mode 0
Event: 0.737 Thread 0x0000000000105ad0 DEOPT PACKING pc=0x00000000060f395b sp=0x00000000021f8130
Event: 0.737 Thread 0x0000000000105ad0 DEOPT UNPACKING pc=0x0000000005b2dece sp=0x00000000021f7598 mode 0
Event: 0.816 Thread 0x0000000000105ad0 Uncommon trap: trap_request=0xffffff45 fr.pc=0x000000000d5c3ae8 relative=0x0000000000000048
Event: 0.816 Thread 0x0000000000105ad0 Uncommon trap: reason=unstable_if action=reinterpret pc=0x000000000d5c3ae8 method=java.lang.CharacterData.of(I)Ljava/lang/CharacterData; @ 4 c2
Event: 0.816 Thread 0x0000000000105ad0 DEOPT PACKING pc=0x000000000d5c3ae8 sp=0x00000000021fe6a0
Event: 0.816 Thread 0x0000000000105ad0 DEOPT UNPACKING pc=0x0000000005b2d72e sp=0x00000000021fe640 mode 2

Classes unloaded (0 events):
No events

Classes redefined (15 events):
Event: 872.957 Thread 0x000000001cae4280 redefined class name=com.bridgelabz.addressbookdb.AddressBookMainClass, count=1
Event: 1280.305 Thread 0x000000001cae4280 redefined class name=com.bridgelabz.addressbookdb.AddressBookMainClass, count=2
Event: 1497.142 Thread 0x000000001cae4280 redefined class name=com.bridgelabz.addressbookdb.AddressBookMainClass, count=3
Event: 1628.852 Thread 0x000000001cae4280 redefined class name=com.bridgelabz.addressbookdb.AddressBookMainClass, count=4
Event: 1645.518 Thread 0x000000001cae4280 redefined class name=com.bridgelabz.addressbookdb.AddressBookMainClass, count=5
Event: 2131.822 Thread 0x000000001cae4280 redefined class name=com.bridgelabz.addressbookdb.AddressBookMainClass, count=6
Event: 2595.422 Thread 0x000000001cae4280 redefined class name=com.bridgelabz.addressbookdb.AddressBookMainClass, count=7
Event: 3088.242 Thread 0x000000001cae4280 redefined class name=com.bridgelabz.addressbookdb.AddressBookMainClass, count=8
Event: 3146.307 Thread 0x000000001cae4280 redefined class name=com.bridgelabz.addressbookdb.AddressBookMainClass, count=9
Event: 3255.885 Thread 0x000000001cae4280 redefined class name=com.bridgelabz.addressbookdb.AddressBookMainClass, count=10
Event: 3731.999 Thread 0x000000001cae4280 redefined class name=com.bridgelabz.addressbookdb.AddressBookMainClass, count=11
Event: 3774.453 Thread 0x000000001cae4280 redefined class name=com.bridgelabz.addressbookdb.AddressBookMainClass, count=12
Event: 4183.885 Thread 0x000000001cae4280 redefined class name=com.bridgelabz.addressbookdb.AddressBookMainClass, count=13
Event: 4391.066 Thread 0x000000001cae4280 redefined class name=com.bridgelabz.addressbookdb.AddressBookMainClass, count=14
Event: 4427.433 Thread 0x000000001cae4280 redefined class name=com.bridgelabz.addressbookdb.AddressBookMainClass, count=15

Internal exceptions (1 events):
Event: 0.677 Thread 0x0000000000105ad0 Exception <a 'java/lang/NoSuchMethodError'{0x0000000088f60878}: 'java.lang.Object java.lang.invoke.DirectMethodHandle$Holder.invokeStatic(java.lang.Object)'> (0x0000000088f60878) 
thrown [t:\workspace\open\src\hotspot\share\interpreter\linkResolver.cpp, line 790]

Events (20 events):
Event: 3774.475 Executing  VM operation: ChangeBreakpoints done
Event: 4183.883 Executing  VM operation: RedefineClasses
Event: 4183.888 Executing  VM operation: RedefineClasses done
Event: 4183.899 Executing  VM operation: ChangeBreakpoints
Event: 4183.899 Executing  VM operation: ChangeBreakpoints done
Event: 4183.936 Executing  VM operation: ChangeBreakpoints
Event: 4183.936 Executing  VM operation: ChangeBreakpoints done
Event: 4391.064 Executing  VM operation: RedefineClasses
Event: 4391.069 Executing  VM operation: RedefineClasses done
Event: 4391.088 Executing  VM operation: ChangeBreakpoints
Event: 4391.088 Executing  VM operation: ChangeBreakpoints done
Event: 4391.095 Executing  VM operation: ChangeBreakpoints
Event: 4391.096 Executing  VM operation: ChangeBreakpoints done
Event: 4427.431 Executing  VM operation: RedefineClasses
Event: 4427.448 Executing  VM operation: RedefineClasses done
Event: 4427.469 Executing  VM operation: ChangeBreakpoints
Event: 4427.469 Executing  VM operation: ChangeBreakpoints done
Event: 4427.479 Executing  VM operation: ChangeBreakpoints
Event: 4427.479 Executing  VM operation: ChangeBreakpoints done
Event: 4730.764 Executing  VM operation: get/set locals


Dynamic libraries:
0x000000013f210000 - 0x000000013f21e000 	C:\Users\Next\.p2\pool\plugins\org.eclipse.justj.openjdk.hotspot.jre.full.win32.x86_64_16.0.1.v20210528-1205\jre\bin\javaw.exe
0x0000000076dc0000 - 0x0000000076f69000 	C:\Windows\SYSTEM32\ntdll.dll
0x0000000076ba0000 - 0x0000000076cbf000 	C:\Windows\system32\kernel32.dll
0x000007fefcea0000 - 0x000007fefcf0c000 	C:\Windows\system32\KERNELBASE.dll
0x000007feec9f0000 - 0x000007feeca08000 	C:\Users\Next\.p2\pool\plugins\org.eclipse.justj.openjdk.hotspot.jre.full.win32.x86_64_16.0.1.v20210528-1205\jre\bin\jli.dll
0x000007fefb900000 - 0x000007fefbaf4000 	C:\Windows\WinSxS\amd64_microsoft.windows.common-controls_6595b64144ccf1df_6.0.7601.17514_none_fa396087175ac9ac\COMCTL32.dll
0x000007fefed70000 - 0x000007fefee0f000 	C:\Windows\system32\msvcrt.dll
0x000007fefd1c0000 - 0x000007fefd227000 	C:\Windows\system32\GDI32.dll
0x0000000076cc0000 - 0x0000000076dba000 	C:\Windows\system32\USER32.dll
0x000007fefeeb0000 - 0x000007fefeebe000 	C:\Windows\system32\LPK.dll
0x000007fefe8e0000 - 0x000007fefe9a9000 	C:\Windows\system32\USP10.dll
0x000007fefe600000 - 0x000007fefe671000 	C:\Windows\system32\SHLWAPI.dll
0x000007feeca10000 - 0x000007feeca29000 	C:\Users\Next\.p2\pool\plugins\org.eclipse.justj.openjdk.hotspot.jre.full.win32.x86_64_16.0.1.v20210528-1205\jre\bin\VCRUNTIME140.dll
0x000007feefd80000 - 0x000007feefd84000 	C:\Users\Next\.p2\pool\plugins\org.eclipse.justj.openjdk.hotspot.jre.full.win32.x86_64_16.0.1.v20210528-1205\jre\bin\api-ms-win-crt-runtime-l1-1-0.dll
0x000007fecdbd0000 - 0x000007fecdcca000 	C:\Users\Next\.p2\pool\plugins\org.eclipse.justj.openjdk.hotspot.jre.full.win32.x86_64_16.0.1.v20210528-1205\jre\bin\ucrtbase.DLL
0x000007fef36c0000 - 0x000007fef36c3000 	C:\Users\Next\.p2\pool\plugins\org.eclipse.justj.openjdk.hotspot.jre.full.win32.x86_64_16.0.1.v20210528-1205\jre\bin\api-ms-win-core-localization-l1-2-0.dll
0x000007feee120000 - 0x000007feee123000 	C:\Users\Next\.p2\pool\plugins\org.eclipse.justj.openjdk.hotspot.jre.full.win32.x86_64_16.0.1.v20210528-1205\jre\bin\api-ms-win-core-processthreads-l1-1-1.dll
0x000007feec9e0000 - 0x000007feec9e3000 	C:\Users\Next\.p2\pool\plugins\org.eclipse.justj.openjdk.hotspot.jre.full.win32.x86_64_16.0.1.v20210528-1205\jre\bin\api-ms-win-core-file-l1-2-0.dll
0x000007feec920000 - 0x000007feec923000 	C:\Users\Next\.p2\pool\plugins\org.eclipse.justj.openjdk.hotspot.jre.full.win32.x86_64_16.0.1.v20210528-1205\jre\bin\api-ms-win-core-timezone-l1-1-0.dll
0x000007feebed0000 - 0x000007feebed3000 	C:\Users\Next\.p2\pool\plugins\org.eclipse.justj.openjdk.hotspot.jre.full.win32.x86_64_16.0.1.v20210528-1205\jre\bin\api-ms-win-core-file-l2-1-0.dll
0x000007feeb750000 - 0x000007feeb753000 	C:\Users\Next\.p2\pool\plugins\org.eclipse.justj.openjdk.hotspot.jre.full.win32.x86_64_16.0.1.v20210528-1205\jre\bin\api-ms-win-core-synch-l1-2-0.dll
0x000007feead70000 - 0x000007feead73000 	C:\Users\Next\.p2\pool\plugins\org.eclipse.justj.openjdk.hotspot.jre.full.win32.x86_64_16.0.1.v20210528-1205\jre\bin\api-ms-win-crt-heap-l1-1-0.dll
0x000007feead60000 - 0x000007feead64000 	C:\Users\Next\.p2\pool\plugins\org.eclipse.justj.openjdk.hotspot.jre.full.win32.x86_64_16.0.1.v20210528-1205\jre\bin\api-ms-win-crt-string-l1-1-0.dll
0x000007fee69f0000 - 0x000007fee69f4000 	C:\Users\Next\.p2\pool\plugins\org.eclipse.justj.openjdk.hotspot.jre.full.win32.x86_64_16.0.1.v20210528-1205\jre\bin\api-ms-win-crt-stdio-l1-1-0.dll
0x000007fee6a00000 - 0x000007fee6a04000 	C:\Users\Next\.p2\pool\plugins\org.eclipse.justj.openjdk.hotspot.jre.full.win32.x86_64_16.0.1.v20210528-1205\jre\bin\api-ms-win-crt-convert-l1-1-0.dll
0x000007fee6080000 - 0x000007fee6083000 	C:\Users\Next\.p2\pool\plugins\org.eclipse.justj.openjdk.hotspot.jre.full.win32.x86_64_16.0.1.v20210528-1205\jre\bin\api-ms-win-crt-environment-l1-1-0.dll
0x000007fee6880000 - 0x000007fee6883000 	C:\Users\Next\.p2\pool\plugins\org.eclipse.justj.openjdk.hotspot.jre.full.win32.x86_64_16.0.1.v20210528-1205\jre\bin\api-ms-win-crt-filesystem-l1-1-0.dll
0x000007fee5fe0000 - 0x000007fee5fe5000 	C:\Users\Next\.p2\pool\plugins\org.eclipse.justj.openjdk.hotspot.jre.full.win32.x86_64_16.0.1.v20210528-1205\jre\bin\api-ms-win-crt-math-l1-1-0.dll
0x000007fee6070000 - 0x000007fee6073000 	C:\Users\Next\.p2\pool\plugins\org.eclipse.justj.openjdk.hotspot.jre.full.win32.x86_64_16.0.1.v20210528-1205\jre\bin\api-ms-win-crt-locale-l1-1-0.dll
0x000007fefeae0000 - 0x000007fefeb0e000 	C:\Windows\system32\IMM32.DLL
0x000007fefeb30000 - 0x000007fefec39000 	C:\Windows\system32\MSCTF.dll
0x000007fee29f0000 - 0x000007fee29fc000 	C:\Users\Next\.p2\pool\plugins\org.eclipse.justj.openjdk.hotspot.jre.full.win32.x86_64_16.0.1.v20210528-1205\jre\bin\vcruntime140_1.dll
0x000007fecdd30000 - 0x000007fecddc1000 	C:\Users\Next\.p2\pool\plugins\org.eclipse.justj.openjdk.hotspot.jre.full.win32.x86_64_16.0.1.v20210528-1205\jre\bin\msvcp140.dll
0x000007fee5eb0000 - 0x000007fee5eb3000 	C:\Users\Next\.p2\pool\plugins\org.eclipse.justj.openjdk.hotspot.jre.full.win32.x86_64_16.0.1.v20210528-1205\jre\bin\api-ms-win-crt-time-l1-1-0.dll
0x000007fee29d0000 - 0x000007fee29d3000 	C:\Users\Next\.p2\pool\plugins\org.eclipse.justj.openjdk.hotspot.jre.full.win32.x86_64_16.0.1.v20210528-1205\jre\bin\api-ms-win-crt-utility-l1-1-0.dll
0x000007feccfd0000 - 0x000007fecdb7b000 	C:\Users\Next\.p2\pool\plugins\org.eclipse.justj.openjdk.hotspot.jre.full.win32.x86_64_16.0.1.v20210528-1205\jre\bin\server\jvm.dll
0x000007fefe520000 - 0x000007fefe5fb000 	C:\Windows\system32\ADVAPI32.dll
0x000007fefd470000 - 0x000007fefd48f000 	C:\Windows\SYSTEM32\sechost.dll
0x000007fefec40000 - 0x000007fefed6d000 	C:\Windows\system32\RPCRT4.dll
0x000007fef0960000 - 0x000007fef0969000 	C:\Windows\system32\WSOCK32.dll
0x000007fefd420000 - 0x000007fefd46d000 	C:\Windows\system32\WS2_32.dll
0x000007fefd410000 - 0x000007fefd418000 	C:\Windows\system32\NSI.dll
0x000007fefabf0000 - 0x000007fefac2b000 	C:\Windows\system32\WINMM.dll
0x000007fefbe70000 - 0x000007fefbe7c000 	C:\Windows\system32\VERSION.dll
0x0000000076f90000 - 0x0000000076f97000 	C:\Windows\system32\PSAPI.DLL
0x000007fef36d0000 - 0x000007fef36da000 	C:\Users\Next\.p2\pool\plugins\org.eclipse.justj.openjdk.hotspot.jre.full.win32.x86_64_16.0.1.v20210528-1205\jre\bin\jimage.dll
0x000007fef9470000 - 0x000007fef9595000 	C:\Windows\system32\DBGHELP.DLL
0x000007feded20000 - 0x000007feded5b000 	C:\Users\Next\.p2\pool\plugins\org.eclipse.justj.openjdk.hotspot.jre.full.win32.x86_64_16.0.1.v20210528-1205\jre\bin\jdwp.dll
0x000007fefaa10000 - 0x000007fefaa1e000 	C:\Users\Next\.p2\pool\plugins\org.eclipse.justj.openjdk.hotspot.jre.full.win32.x86_64_16.0.1.v20210528-1205\jre\bin\instrument.dll
0x000007fef1790000 - 0x000007fef17b5000 	C:\Users\Next\.p2\pool\plugins\org.eclipse.justj.openjdk.hotspot.jre.full.win32.x86_64_16.0.1.v20210528-1205\jre\bin\java.dll
0x000007fef3540000 - 0x000007fef3558000 	C:\Users\Next\.p2\pool\plugins\org.eclipse.justj.openjdk.hotspot.jre.full.win32.x86_64_16.0.1.v20210528-1205\jre\bin\zip.dll
0x000007fefd490000 - 0x000007fefe218000 	C:\Windows\system32\SHELL32.dll
0x000007fefeec0000 - 0x000007feff0c3000 	C:\Windows\system32\ole32.dll
0x000007fefcd10000 - 0x000007fefcd1f000 	C:\Windows\system32\profapi.dll
0x000007fefaa50000 - 0x000007fefaa5c000 	C:\Users\Next\.p2\pool\plugins\org.eclipse.justj.openjdk.hotspot.jre.full.win32.x86_64_16.0.1.v20210528-1205\jre\bin\dt_socket.dll
0x000007fefa860000 - 0x000007fefa887000 	C:\Windows\system32\IPHLPAPI.DLL
0x000007fefa7c0000 - 0x000007fefa7cb000 	C:\Windows\system32\WINNSI.DLL
0x000007fefc540000 - 0x000007fefc595000 	C:\Windows\system32\mswsock.dll
0x000007fefbf40000 - 0x000007fefbf47000 	C:\Windows\System32\wshtcpip.dll
0x000007fefc530000 - 0x000007fefc537000 	C:\Windows\System32\wship6.dll
0x000007fefc3c0000 - 0x000007fefc41b000 	C:\Windows\system32\DNSAPI.dll
0x000007fef6740000 - 0x000007fef6748000 	C:\Windows\system32\rasadhlp.dll
0x000007fefa6b0000 - 0x000007fefa703000 	C:\Windows\System32\fwpuclnt.dll
0x000007fef16e0000 - 0x000007fef16f9000 	C:\Users\Next\.p2\pool\plugins\org.eclipse.justj.openjdk.hotspot.jre.full.win32.x86_64_16.0.1.v20210528-1205\jre\bin\net.dll
0x000007fef8690000 - 0x000007fef8701000 	C:\Windows\system32\WINHTTP.dll
0x000007fef8620000 - 0x000007fef8684000 	C:\Windows\system32\webio.dll
0x000007fef1660000 - 0x000007fef1673000 	C:\Users\Next\.p2\pool\plugins\org.eclipse.justj.openjdk.hotspot.jre.full.win32.x86_64_16.0.1.v20210528-1205\jre\bin\nio.dll
0x000007fef4970000 - 0x000007fef4980000 	C:\Users\Next\.p2\pool\plugins\org.eclipse.justj.openjdk.hotspot.jre.full.win32.x86_64_16.0.1.v20210528-1205\jre\bin\verify.dll

dbghelp: loaded successfully - version: 4.0.5 - missing functions: none
symbol engine: initialized successfully - sym options: 0x614 - pdb path: .;C:\Users\Next\.p2\pool\plugins\org.eclipse.justj.openjdk.hotspot.jre.full.win32.x86_64_16.0.1.v20210528-1205\jre\bin;C:\Windows\SYSTEM32;C:\Windows\WinSxS\amd64_microsoft.windows.common-controls_6595b64144ccf1df_6.0.7601.17514_none_fa396087175ac9ac;C:\Users\Next\.p2\pool\plugins\org.eclipse.justj.openjdk.hotspot.jre.full.win32.x86_64_16.0.1.v20210528-1205\jre\bin\server

VM Arguments:
jvm_args: -XX:+ShowCodeDetailsInExceptionMessages -agentlib:jdwp=transport=dt_socket,suspend=y,address=localhost:65097 -javaagent:C:\Users\Next\eclipse\jee-2021-06\eclipse\configuration\org.eclipse.osgi\415\0\.cp\lib\javaagent-shaded.jar -Dfile.encoding=UTF-8 
java_command: com.bridgelabz.addressbookdb.AddressBookMainClass
java_class_path (initial): C:\Users\Next\eclipse-workspace\addressbookdb\target\classes;C:\Users\Next\.m2\repository\com\opencsv\opencsv\4.4\opencsv-4.4.jar;C:\Users\Next\.m2\repository\org\apache\commons\commons-lang3\3.8.1\commons-lang3-3.8.1.jar;C:\Users\Next\.m2\repository\org\apache\commons\commons-text\1.3\commons-text-1.3.jar;C:\Users\Next\.m2\repository\commons-beanutils\commons-beanutils\1.9.3\commons-beanutils-1.9.3.jar;C:\Users\Next\.m2\repository\commons-logging\commons-logging\1.2\commons-logging-1.2.jar;C:\Users\Next\.m2\repository\commons-collections\commons-collections\3.2.2\commons-collections-3.2.2.jar;C:\Users\Next\.m2\repository\org\apache\commons\commons-collections4\4.2\commons-collections4-4.2.jar;C:\Users\Next\.m2\repository\com\google\code\gson\gson\2.8.6\gson-2.8.6.jar;C:\Users\Next\.m2\repository\mysql\mysql-connector-java\5.1.46\mysql-connector-java-5.1.46.jar
Launcher Type: SUN_STANDARD

[Global flags]
     intx CICompilerCount                          = 3                                         {product} {ergonomic}
     uint ConcGCThreads                            = 1                                         {product} {ergonomic}
     uint G1ConcRefinementThreads                  = 4                                         {product} {ergonomic}
   size_t G1HeapRegionSize                         = 1048576                                   {product} {ergonomic}
    uintx GCDrainStackTargetSize                   = 64                                        {product} {ergonomic}
   size_t InitialHeapSize                          = 134217728                                 {product} {ergonomic}
   size_t MarkStackSize                            = 4194304                                   {product} {ergonomic}
   size_t MaxHeapSize                              = 2126512128                                {product} {ergonomic}
   size_t MaxNewSize                               = 1275068416                                {product} {ergonomic}
   size_t MinHeapDeltaBytes                        = 1048576                                   {product} {ergonomic}
   size_t MinHeapSize                              = 8388608                                   {product} {ergonomic}
    uintx NonNMethodCodeHeapSize                   = 5832780                                {pd product} {ergonomic}
    uintx NonProfiledCodeHeapSize                  = 122912730                              {pd product} {ergonomic}
    uintx ProfiledCodeHeapSize                     = 122912730                              {pd product} {ergonomic}
    uintx ReservedCodeCacheSize                    = 251658240                              {pd product} {ergonomic}
     bool SegmentedCodeCache                       = true                                      {product} {ergonomic}
     bool ShowCodeDetailsInExceptionMessages       = true                                   {manageable} {command line}
   size_t SoftMaxHeapSize                          = 2126512128                             {manageable} {ergonomic}
     bool UseCompressedClassPointers               = true                           {product lp64_product} {ergonomic}
     bool UseCompressedOops                        = true                           {product lp64_product} {ergonomic}
     bool UseG1GC                                  = true                                      {product} {ergonomic}
     bool UseLargePagesIndividualAllocation        = false                                  {pd product} {ergonomic}

Logging:
Log output configuration:
 #0: stdout all=warning uptime,level,tags
 #1: stderr all=off uptime,level,tags

Environment Variables:
JAVA_HOME=C:\Program Files\Java\jdk1.8.0_261
PATH=C:\Users\Next\.p2\pool\plugins\org.eclipse.justj.openjdk.hotspot.jre.full.win32.x86_64_16.0.1.v20210528-1205\jre\bin;C:/Users/Next/.p2/pool/plugins/org.eclipse.justj.openjdk.hotspot.jre.full.win32.x86_64_16.0.1.v20210528-1205/jre/bin/server;C:/Users/Next/.p2/pool/plugins/org.eclipse.justj.openjdk.hotspot.jre.full.win32.x86_64_16.0.1.v20210528-1205/jre/bin;C:\Program Files (x86)\Common Files\Oracle\Java\javapath;C:\Windows\system32;C:\Windows;C:\Windows\System32\Wbem;C:\Windows\System32\WindowsPowerShell\v1.0\;C:\Program Files\Redis\;C:\Program Files\Java\jdk1.8.0_261\bin;C:\Users\Next\AppData\Roaming\nvm;C:\Program Files\nodejs;C:\Program Files\MySQL\MySQL Shell 8.0\bin\;C:\Users\Next\AppData\Local\Programs\Microsoft VS Code\bin;C:\Users\Next\AppData\Roaming\nvm;C:\Program Files\nodejs;C:\Program Files\JetBrains\IntelliJ IDEA Community Edition 2021.2.1\bin;;C:\Program Files (x86)\GitHub CLI\;C:\Users\Next\Desktop;
USERNAME=Next
OS=Windows_NT
PROCESSOR_IDENTIFIER=Intel64 Family 6 Model 61 Stepping 4, GenuineIntel



---------------  S Y S T E M  ---------------

OS:
 Windows 7 , 64 bit Build 7601 (6.1.7601.17617)
OS uptime: 0 days 12:54 hours

CPU: total 4 (initial active 4) (2 cores per cpu, 2 threads per core) family 6 model 61 stepping 4 microcode 0x0, cx8, cmov, fxsr, ht, mmx, 3dnowpref, sse, sse2, sse3, ssse3, sse4.1, sse4.2, popcnt, lzcnt, tsc, tscinvbit, avx, avx2, aes, erms, clmul, bmi1, bmi2, adx, fma, vzeroupper, clflush

Memory: 4k page, system-wide physical 8111M (822M free)
TotalPageFile size 16462M (AvailPageFile size 1466M)
current process WorkingSet (physical memory assigned to process): 52M, peak: 52M
current process commit charge ("private bytes"): 212M, peak: 212M

vm_info: OpenJDK 64-Bit Server VM (16.0.1+9-24) for windows-amd64 JRE (16.0.1+9-24), built on Mar 26 2021 19:30:07 by "mach5one" with MS VC++ 16.7 (VS2019)

END.
